
  .   ____          _            __ _ _
 /\\ / ___'_ __ _ _(_)_ __  __ _ \ \ \ \
( ( )\___ | '_ | '_| | '_ \/ _` | \ \ \ \
 \\/  ___)| |_)| | | | | || (_| |  ) ) ) )
  '  |____| .__|_| |_|_| |_\__, | / / / /
 =========|_|==============|___/=/_/_/_/

 :: Spring Boot ::                (v3.3.1)

2025-12-18T10:55:39.673+01:00  INFO 21738 --- [executor-service] [           main] c.p.hft.ExecutorServiceApplication       : Starting ExecutorServiceApplication v0.0.1-SNAPSHOT using Java 21.0.9 with PID 21738 (/Users/antoniostano/programming/polybot/executor-service/target/executor-service-0.0.1-SNAPSHOT.jar started by antoniostano in /Users/antoniostano/programming/polybot)
2025-12-18T10:55:39.682+01:00 DEBUG 21738 --- [executor-service] [           main] c.p.hft.ExecutorServiceApplication       : Running with Spring Boot v3.3.1, Spring v6.1.10
2025-12-18T10:55:39.684+01:00  INFO 21738 --- [executor-service] [           main] c.p.hft.ExecutorServiceApplication       : The following 1 profile is active: "develop"
2025-12-18T10:55:42.652+01:00  INFO 21738 --- [executor-service] [           main] o.s.b.w.embedded.tomcat.TomcatWebServer  : Tomcat initialized with port 8080 (http)
2025-12-18T10:55:42.668+01:00  INFO 21738 --- [executor-service] [           main] o.apache.catalina.core.StandardService   : Starting service [Tomcat]
2025-12-18T10:55:42.668+01:00  INFO 21738 --- [executor-service] [           main] o.apache.catalina.core.StandardEngine    : Starting Servlet engine: [Apache Tomcat/10.1.25]
2025-12-18T10:55:42.708+01:00  INFO 21738 --- [executor-service] [           main] o.a.c.c.C.[Tomcat].[localhost].[/]       : Initializing Spring embedded WebApplicationContext
2025-12-18T10:55:42.709+01:00  INFO 21738 --- [executor-service] [           main] w.s.c.ServletWebServerApplicationContext : Root WebApplicationContext: initialization completed in 2845 ms
2025-12-18T10:55:43.547+01:00 DEBUG 21738 --- [executor-service] [           main] c.p.h.e.web.LiveTradingGuardFilter       : Filter 'liveTradingGuardFilter' configured for use
2025-12-18T10:55:43.973+01:00  INFO 21738 --- [executor-service] [           main] c.p.h.p.auth.PolymarketAuthContext       : Auth config loaded (mode=PAPER, autoDerive=false, signerKeyPresent=false, apiKeyPresent=false)
2025-12-18T10:55:44.199+01:00  INFO 21738 --- [executor-service] [           main] c.p.h.p.ws.ClobMarketWebSocketClient     : Market WS enabled; waiting for market asset subscriptions.
2025-12-18T10:55:44.896+01:00  INFO 21738 --- [executor-service] [           main] o.s.b.a.e.web.EndpointLinksResolver      : Exposing 3 endpoints beneath base path '/actuator'
2025-12-18T10:55:44.993+01:00  INFO 21738 --- [executor-service] [           main] o.s.b.w.embedded.tomcat.TomcatWebServer  : Tomcat started on port 8080 (http) with context path '/'
2025-12-18T10:55:45.029+01:00  INFO 21738 --- [executor-service] [           main] c.p.hft.ExecutorServiceApplication       : Started ExecutorServiceApplication in 6.186 seconds (process running for 7.155)
2025-12-18T10:55:51.546+01:00  INFO 21738 --- [executor-service] [omcat-handler-0] o.a.c.c.C.[Tomcat].[localhost].[/]       : Initializing Spring DispatcherServlet 'dispatcherServlet'
2025-12-18T10:55:51.547+01:00  INFO 21738 --- [executor-service] [omcat-handler-0] o.s.web.servlet.DispatcherServlet        : Initializing Servlet 'dispatcherServlet'
2025-12-18T10:55:51.549+01:00  INFO 21738 --- [executor-service] [omcat-handler-0] o.s.web.servlet.DispatcherServlet        : Completed initialization in 1 ms
2025-12-18T10:56:05.344+01:00  INFO 21738 --- [executor-service] [omcat-handler-3] c.p.h.executor.web.PolymarketController  : api /orders/limit tokenId=104173557214744537570424345347209544585775842950109756851652855913015295701992 side=BUY price=0.01 size=1 orderType=GTC
2025-12-18T10:56:05.346+01:00  INFO 21738 --- [executor-service] [omcat-handler-3] c.p.h.p.ws.ClobMarketWebSocketClient     : Connecting to CLOB market websocket: wss://ws-subscriptions-clob.polymarket.com/ws/market
2025-12-18T10:56:05.849+01:00  INFO 21738 --- [executor-service] [onPool-worker-1] c.p.h.p.ws.ClobMarketWebSocketClient     : CLOB market websocket opened
2025-12-18T10:56:05.867+01:00  INFO 21738 --- [executor-service] [onPool-worker-1] c.p.h.p.ws.ClobMarketWebSocketClient     : Subscribed to 1 market assets via WS (e.g. [...701992])
2025-12-18T10:56:16.912+01:00  INFO 21738 --- [executor-service] [omcat-handler-4] c.p.h.executor.web.PolymarketController  : api /orders/get orderId=sim-568f998f-7ed2-440d-9665-03d045a047ff
2025-12-18T10:56:20.884+01:00  INFO 21738 --- [executor-service] [   clob-ws-ping] c.p.h.p.ws.ClobMarketWebSocketClient     : Market WS heartbeat subscribed=1 tobKnown=1 msgs=1 book=1 priceChange=0 lastTrade=0 lastMsg=4928ms ago
2025-12-18T10:56:35.873+01:00  INFO 21738 --- [executor-service] [   clob-ws-ping] c.p.h.p.ws.ClobMarketWebSocketClient     : Market WS heartbeat subscribed=1 tobKnown=1 msgs=1 book=1 priceChange=0 lastTrade=0 lastMsg=9944ms ago
2025-12-18T10:56:50.874+01:00  INFO 21738 --- [executor-service] [   clob-ws-ping] c.p.h.p.ws.ClobMarketWebSocketClient     : Market WS heartbeat subscribed=1 tobKnown=1 msgs=1 book=1 priceChange=0 lastTrade=0 lastMsg=4944ms ago
2025-12-18T10:57:05.873+01:00  INFO 21738 --- [executor-service] [   clob-ws-ping] c.p.h.p.ws.ClobMarketWebSocketClient     : Market WS heartbeat subscribed=1 tobKnown=1 msgs=1 book=1 priceChange=0 lastTrade=0 lastMsg=9941ms ago
2025-12-18T10:57:20.871+01:00  INFO 21738 --- [executor-service] [   clob-ws-ping] c.p.h.p.ws.ClobMarketWebSocketClient     : Market WS heartbeat subscribed=1 tobKnown=1 msgs=1 book=1 priceChange=0 lastTrade=0 lastMsg=4949ms ago
2025-12-18T10:57:35.869+01:00  INFO 21738 --- [executor-service] [   clob-ws-ping] c.p.h.p.ws.ClobMarketWebSocketClient     : Market WS heartbeat subscribed=1 tobKnown=1 msgs=1 book=1 priceChange=0 lastTrade=0 lastMsg=9929ms ago
2025-12-18T10:57:50.871+01:00  INFO 21738 --- [executor-service] [   clob-ws-ping] c.p.h.p.ws.ClobMarketWebSocketClient     : Market WS heartbeat subscribed=1 tobKnown=1 msgs=1 book=1 priceChange=0 lastTrade=0 lastMsg=4943ms ago
2025-12-18T10:58:05.872+01:00  INFO 21738 --- [executor-service] [   clob-ws-ping] c.p.h.p.ws.ClobMarketWebSocketClient     : Market WS heartbeat subscribed=1 tobKnown=1 msgs=1 book=1 priceChange=0 lastTrade=0 lastMsg=9948ms ago
2025-12-18T10:58:20.869+01:00  INFO 21738 --- [executor-service] [   clob-ws-ping] c.p.h.p.ws.ClobMarketWebSocketClient     : Market WS heartbeat subscribed=1 tobKnown=1 msgs=1 book=1 priceChange=0 lastTrade=0 lastMsg=4939ms ago
2025-12-18T10:58:35.872+01:00  INFO 21738 --- [executor-service] [   clob-ws-ping] c.p.h.p.ws.ClobMarketWebSocketClient     : Market WS heartbeat subscribed=1 tobKnown=1 msgs=1 book=1 priceChange=0 lastTrade=0 lastMsg=9936ms ago
2025-12-18T10:58:50.870+01:00  INFO 21738 --- [executor-service] [   clob-ws-ping] c.p.h.p.ws.ClobMarketWebSocketClient     : Market WS heartbeat subscribed=1 tobKnown=1 msgs=1 book=1 priceChange=0 lastTrade=0 lastMsg=4940ms ago
2025-12-18T10:59:05.876+01:00  INFO 21738 --- [executor-service] [   clob-ws-ping] c.p.h.p.ws.ClobMarketWebSocketClient     : Market WS heartbeat subscribed=1 tobKnown=1 msgs=1 book=1 priceChange=0 lastTrade=0 lastMsg=9948ms ago
2025-12-18T10:59:20.871+01:00  INFO 21738 --- [executor-service] [   clob-ws-ping] c.p.h.p.ws.ClobMarketWebSocketClient     : Market WS heartbeat subscribed=1 tobKnown=1 msgs=1 book=1 priceChange=0 lastTrade=0 lastMsg=4934ms ago
2025-12-18T10:59:35.869+01:00  INFO 21738 --- [executor-service] [   clob-ws-ping] c.p.h.p.ws.ClobMarketWebSocketClient     : Market WS heartbeat subscribed=1 tobKnown=1 msgs=1 book=1 priceChange=0 lastTrade=0 lastMsg=9937ms ago
2025-12-18T10:59:50.870+01:00  INFO 21738 --- [executor-service] [   clob-ws-ping] c.p.h.p.ws.ClobMarketWebSocketClient     : Market WS heartbeat subscribed=1 tobKnown=1 msgs=1 book=1 priceChange=0 lastTrade=0 lastMsg=4944ms ago
2025-12-18T11:00:05.872+01:00  INFO 21738 --- [executor-service] [   clob-ws-ping] c.p.h.p.ws.ClobMarketWebSocketClient     : Market WS heartbeat subscribed=1 tobKnown=1 msgs=1 book=1 priceChange=0 lastTrade=0 lastMsg=9951ms ago
2025-12-18T11:00:20.868+01:00  INFO 21738 --- [executor-service] [   clob-ws-ping] c.p.h.p.ws.ClobMarketWebSocketClient     : Market WS heartbeat subscribed=1 tobKnown=1 msgs=1 book=1 priceChange=0 lastTrade=0 lastMsg=4871ms ago
2025-12-18T11:00:35.872+01:00  INFO 21738 --- [executor-service] [   clob-ws-ping] c.p.h.p.ws.ClobMarketWebSocketClient     : Market WS heartbeat subscribed=1 tobKnown=1 msgs=1 book=1 priceChange=0 lastTrade=0 lastMsg=9945ms ago
2025-12-18T11:00:50.871+01:00  INFO 21738 --- [executor-service] [   clob-ws-ping] c.p.h.p.ws.ClobMarketWebSocketClient     : Market WS heartbeat subscribed=1 tobKnown=1 msgs=1 book=1 priceChange=0 lastTrade=0 lastMsg=4936ms ago
2025-12-18T11:01:05.872+01:00  INFO 21738 --- [executor-service] [   clob-ws-ping] c.p.h.p.ws.ClobMarketWebSocketClient     : Market WS heartbeat subscribed=1 tobKnown=1 msgs=1 book=1 priceChange=0 lastTrade=0 lastMsg=9945ms ago
2025-12-18T11:01:20.869+01:00  INFO 21738 --- [executor-service] [   clob-ws-ping] c.p.h.p.ws.ClobMarketWebSocketClient     : Market WS heartbeat subscribed=1 tobKnown=1 msgs=1 book=1 priceChange=0 lastTrade=0 lastMsg=4941ms ago
2025-12-18T11:01:35.872+01:00  INFO 21738 --- [executor-service] [   clob-ws-ping] c.p.h.p.ws.ClobMarketWebSocketClient     : Market WS heartbeat subscribed=1 tobKnown=1 msgs=1 book=1 priceChange=0 lastTrade=0 lastMsg=9920ms ago
2025-12-18T11:01:50.873+01:00  INFO 21738 --- [executor-service] [   clob-ws-ping] c.p.h.p.ws.ClobMarketWebSocketClient     : Market WS heartbeat subscribed=1 tobKnown=1 msgs=1 book=1 priceChange=0 lastTrade=0 lastMsg=4945ms ago
2025-12-18T11:02:05.871+01:00  INFO 21738 --- [executor-service] [   clob-ws-ping] c.p.h.p.ws.ClobMarketWebSocketClient     : Market WS heartbeat subscribed=1 tobKnown=1 msgs=1 book=1 priceChange=0 lastTrade=0 lastMsg=9931ms ago
2025-12-18T11:02:20.867+01:00  INFO 21738 --- [executor-service] [   clob-ws-ping] c.p.h.p.ws.ClobMarketWebSocketClient     : Market WS heartbeat subscribed=1 tobKnown=1 msgs=1 book=1 priceChange=0 lastTrade=0 lastMsg=4943ms ago
2025-12-18T11:02:35.871+01:00  INFO 21738 --- [executor-service] [   clob-ws-ping] c.p.h.p.ws.ClobMarketWebSocketClient     : Market WS heartbeat subscribed=1 tobKnown=1 msgs=1 book=1 priceChange=0 lastTrade=0 lastMsg=9943ms ago
2025-12-18T11:02:50.868+01:00  INFO 21738 --- [executor-service] [   clob-ws-ping] c.p.h.p.ws.ClobMarketWebSocketClient     : Market WS heartbeat subscribed=1 tobKnown=1 msgs=1 book=1 priceChange=0 lastTrade=0 lastMsg=4943ms ago
2025-12-18T11:03:05.872+01:00  INFO 21738 --- [executor-service] [   clob-ws-ping] c.p.h.p.ws.ClobMarketWebSocketClient     : Market WS heartbeat subscribed=1 tobKnown=2 msgs=8 book=2 priceChange=6 lastTrade=0 lastMsg=5786ms ago
2025-12-18T11:03:20.869+01:00  INFO 21738 --- [executor-service] [   clob-ws-ping] c.p.h.p.ws.ClobMarketWebSocketClient     : Market WS heartbeat subscribed=1 tobKnown=2 msgs=8 book=2 priceChange=6 lastTrade=0 lastMsg=4923ms ago
2025-12-18T11:03:35.871+01:00  INFO 21738 --- [executor-service] [   clob-ws-ping] c.p.h.p.ws.ClobMarketWebSocketClient     : Market WS heartbeat subscribed=1 tobKnown=2 msgs=8 book=2 priceChange=6 lastTrade=0 lastMsg=9929ms ago
2025-12-18T11:03:50.868+01:00  INFO 21738 --- [executor-service] [   clob-ws-ping] c.p.h.p.ws.ClobMarketWebSocketClient     : Market WS heartbeat subscribed=1 tobKnown=2 msgs=8 book=2 priceChange=6 lastTrade=0 lastMsg=4932ms ago
2025-12-18T11:04:05.877+01:00  INFO 21738 --- [executor-service] [   clob-ws-ping] c.p.h.p.ws.ClobMarketWebSocketClient     : Market WS heartbeat subscribed=1 tobKnown=2 msgs=8 book=2 priceChange=6 lastTrade=0 lastMsg=9937ms ago
2025-12-18T11:04:20.870+01:00  INFO 21738 --- [executor-service] [   clob-ws-ping] c.p.h.p.ws.ClobMarketWebSocketClient     : Market WS heartbeat subscribed=1 tobKnown=2 msgs=8 book=2 priceChange=6 lastTrade=0 lastMsg=4931ms ago
2025-12-18T11:04:35.868+01:00  INFO 21738 --- [executor-service] [   clob-ws-ping] c.p.h.p.ws.ClobMarketWebSocketClient     : Market WS heartbeat subscribed=1 tobKnown=2 msgs=29 book=3 priceChange=25 lastTrade=1 lastMsg=285ms ago
2025-12-18T11:04:50.869+01:00  INFO 21738 --- [executor-service] [   clob-ws-ping] c.p.h.p.ws.ClobMarketWebSocketClient     : Market WS heartbeat subscribed=1 tobKnown=2 msgs=31 book=3 priceChange=27 lastTrade=1 lastMsg=4945ms ago
2025-12-18T11:05:05.868+01:00  INFO 21738 --- [executor-service] [   clob-ws-ping] c.p.h.p.ws.ClobMarketWebSocketClient     : Market WS heartbeat subscribed=1 tobKnown=2 msgs=31 book=3 priceChange=27 lastTrade=1 lastMsg=9941ms ago
2025-12-18T11:05:20.869+01:00  INFO 21738 --- [executor-service] [   clob-ws-ping] c.p.h.p.ws.ClobMarketWebSocketClient     : Market WS heartbeat subscribed=1 tobKnown=2 msgs=33 book=3 priceChange=29 lastTrade=1 lastMsg=4944ms ago
2025-12-18T11:05:35.869+01:00  INFO 21738 --- [executor-service] [   clob-ws-ping] c.p.h.p.ws.ClobMarketWebSocketClient     : Market WS heartbeat subscribed=1 tobKnown=2 msgs=33 book=3 priceChange=29 lastTrade=1 lastMsg=9948ms ago
2025-12-18T11:05:50.868+01:00  INFO 21738 --- [executor-service] [   clob-ws-ping] c.p.h.p.ws.ClobMarketWebSocketClient     : Market WS heartbeat subscribed=1 tobKnown=2 msgs=33 book=3 priceChange=29 lastTrade=1 lastMsg=4939ms ago
2025-12-18T11:06:05.870+01:00  INFO 21738 --- [executor-service] [   clob-ws-ping] c.p.h.p.ws.ClobMarketWebSocketClient     : Market WS heartbeat subscribed=1 tobKnown=2 msgs=33 book=3 priceChange=29 lastTrade=1 lastMsg=9371ms ago
2025-12-18T11:06:20.866+01:00  INFO 21738 --- [executor-service] [   clob-ws-ping] c.p.h.p.ws.ClobMarketWebSocketClient     : Market WS heartbeat subscribed=1 tobKnown=2 msgs=33 book=3 priceChange=29 lastTrade=1 lastMsg=4943ms ago
2025-12-18T11:06:35.866+01:00  INFO 21738 --- [executor-service] [   clob-ws-ping] c.p.h.p.ws.ClobMarketWebSocketClient     : Market WS heartbeat subscribed=1 tobKnown=2 msgs=33 book=3 priceChange=29 lastTrade=1 lastMsg=9930ms ago
2025-12-18T11:06:50.867+01:00  INFO 21738 --- [executor-service] [   clob-ws-ping] c.p.h.p.ws.ClobMarketWebSocketClient     : Market WS heartbeat subscribed=1 tobKnown=2 msgs=33 book=3 priceChange=29 lastTrade=1 lastMsg=4947ms ago
2025-12-18T11:07:05.869+01:00  INFO 21738 --- [executor-service] [   clob-ws-ping] c.p.h.p.ws.ClobMarketWebSocketClient     : Market WS heartbeat subscribed=1 tobKnown=2 msgs=33 book=3 priceChange=29 lastTrade=1 lastMsg=9949ms ago
2025-12-18T11:07:20.868+01:00  INFO 21738 --- [executor-service] [   clob-ws-ping] c.p.h.p.ws.ClobMarketWebSocketClient     : Market WS heartbeat subscribed=1 tobKnown=2 msgs=33 book=3 priceChange=29 lastTrade=1 lastMsg=4939ms ago
2025-12-18T11:07:35.873+01:00  INFO 21738 --- [executor-service] [   clob-ws-ping] c.p.h.p.ws.ClobMarketWebSocketClient     : Market WS heartbeat subscribed=1 tobKnown=2 msgs=33 book=3 priceChange=29 lastTrade=1 lastMsg=9948ms ago
2025-12-18T11:07:50.868+01:00  INFO 21738 --- [executor-service] [   clob-ws-ping] c.p.h.p.ws.ClobMarketWebSocketClient     : Market WS heartbeat subscribed=1 tobKnown=2 msgs=33 book=3 priceChange=29 lastTrade=1 lastMsg=4944ms ago
2025-12-18T11:08:05.872+01:00  INFO 21738 --- [executor-service] [   clob-ws-ping] c.p.h.p.ws.ClobMarketWebSocketClient     : Market WS heartbeat subscribed=1 tobKnown=2 msgs=71 book=4 priceChange=66 lastTrade=1 lastMsg=3506ms ago
2025-12-18T11:08:20.873+01:00  INFO 21738 --- [executor-service] [   clob-ws-ping] c.p.h.p.ws.ClobMarketWebSocketClient     : Market WS heartbeat subscribed=1 tobKnown=2 msgs=77 book=4 priceChange=72 lastTrade=1 lastMsg=2888ms ago
2025-12-18T11:08:35.872+01:00  INFO 21738 --- [executor-service] [   clob-ws-ping] c.p.h.p.ws.ClobMarketWebSocketClient     : Market WS heartbeat subscribed=1 tobKnown=2 msgs=84 book=4 priceChange=79 lastTrade=1 lastMsg=162ms ago
2025-12-18T11:08:50.873+01:00  INFO 21738 --- [executor-service] [   clob-ws-ping] c.p.h.p.ws.ClobMarketWebSocketClient     : Market WS heartbeat subscribed=1 tobKnown=2 msgs=89 book=4 priceChange=84 lastTrade=1 lastMsg=4936ms ago
2025-12-18T11:09:05.877+01:00  INFO 21738 --- [executor-service] [   clob-ws-ping] c.p.h.p.ws.ClobMarketWebSocketClient     : Market WS heartbeat subscribed=1 tobKnown=2 msgs=104 book=4 priceChange=99 lastTrade=1 lastMsg=8525ms ago
2025-12-18T11:09:20.876+01:00  INFO 21738 --- [executor-service] [   clob-ws-ping] c.p.h.p.ws.ClobMarketWebSocketClient     : Market WS heartbeat subscribed=1 tobKnown=2 msgs=118 book=5 priceChange=111 lastTrade=2 lastMsg=2823ms ago
2025-12-18T11:09:35.872+01:00  INFO 21738 --- [executor-service] [   clob-ws-ping] c.p.h.p.ws.ClobMarketWebSocketClient     : Market WS heartbeat subscribed=1 tobKnown=2 msgs=132 book=5 priceChange=125 lastTrade=2 lastMsg=222ms ago
2025-12-18T11:09:50.875+01:00  INFO 21738 --- [executor-service] [   clob-ws-ping] c.p.h.p.ws.ClobMarketWebSocketClient     : Market WS heartbeat subscribed=1 tobKnown=2 msgs=137 book=5 priceChange=130 lastTrade=2 lastMsg=1292ms ago
2025-12-18T11:10:05.872+01:00  INFO 21738 --- [executor-service] [   clob-ws-ping] c.p.h.p.ws.ClobMarketWebSocketClient     : Market WS heartbeat subscribed=1 tobKnown=2 msgs=137 book=5 priceChange=130 lastTrade=2 lastMsg=9947ms ago
2025-12-18T11:10:20.875+01:00  INFO 21738 --- [executor-service] [   clob-ws-ping] c.p.h.p.ws.ClobMarketWebSocketClient     : Market WS heartbeat subscribed=1 tobKnown=2 msgs=140 book=5 priceChange=133 lastTrade=2 lastMsg=3355ms ago
2025-12-18T11:10:35.875+01:00  INFO 21738 --- [executor-service] [   clob-ws-ping] c.p.h.p.ws.ClobMarketWebSocketClient     : Market WS heartbeat subscribed=1 tobKnown=2 msgs=145 book=5 priceChange=138 lastTrade=2 lastMsg=7685ms ago
2025-12-18T11:10:50.872+01:00  INFO 21738 --- [executor-service] [   clob-ws-ping] c.p.h.p.ws.ClobMarketWebSocketClient     : Market WS heartbeat subscribed=1 tobKnown=2 msgs=149 book=5 priceChange=142 lastTrade=2 lastMsg=4947ms ago
2025-12-18T11:11:05.874+01:00  INFO 21738 --- [executor-service] [   clob-ws-ping] c.p.h.p.ws.ClobMarketWebSocketClient     : Market WS heartbeat subscribed=1 tobKnown=2 msgs=154 book=5 priceChange=147 lastTrade=2 lastMsg=3413ms ago
2025-12-18T11:11:20.876+01:00  INFO 21738 --- [executor-service] [   clob-ws-ping] c.p.h.p.ws.ClobMarketWebSocketClient     : Market WS heartbeat subscribed=1 tobKnown=2 msgs=158 book=5 priceChange=151 lastTrade=2 lastMsg=4933ms ago
2025-12-18T11:11:35.874+01:00  INFO 21738 --- [executor-service] [   clob-ws-ping] c.p.h.p.ws.ClobMarketWebSocketClient     : Market WS heartbeat subscribed=1 tobKnown=2 msgs=160 book=5 priceChange=153 lastTrade=2 lastMsg=6564ms ago
2025-12-18T11:11:50.872+01:00  INFO 21738 --- [executor-service] [   clob-ws-ping] c.p.h.p.ws.ClobMarketWebSocketClient     : Market WS heartbeat subscribed=1 tobKnown=2 msgs=162 book=5 priceChange=155 lastTrade=2 lastMsg=2986ms ago
2025-12-18T11:12:05.872+01:00  INFO 21738 --- [executor-service] [   clob-ws-ping] c.p.h.p.ws.ClobMarketWebSocketClient     : Market WS heartbeat subscribed=1 tobKnown=2 msgs=165 book=5 priceChange=158 lastTrade=2 lastMsg=6673ms ago
2025-12-18T11:12:20.874+01:00  INFO 21738 --- [executor-service] [   clob-ws-ping] c.p.h.p.ws.ClobMarketWebSocketClient     : Market WS heartbeat subscribed=1 tobKnown=2 msgs=167 book=5 priceChange=160 lastTrade=2 lastMsg=4896ms ago
2025-12-18T11:12:35.877+01:00  INFO 21738 --- [executor-service] [   clob-ws-ping] c.p.h.p.ws.ClobMarketWebSocketClient     : Market WS heartbeat subscribed=1 tobKnown=2 msgs=167 book=5 priceChange=160 lastTrade=2 lastMsg=9944ms ago
2025-12-18T11:12:50.873+01:00  INFO 21738 --- [executor-service] [   clob-ws-ping] c.p.h.p.ws.ClobMarketWebSocketClient     : Market WS heartbeat subscribed=1 tobKnown=2 msgs=168 book=5 priceChange=161 lastTrade=2 lastMsg=4948ms ago
2025-12-18T11:13:05.876+01:00  INFO 21738 --- [executor-service] [   clob-ws-ping] c.p.h.p.ws.ClobMarketWebSocketClient     : Market WS heartbeat subscribed=1 tobKnown=2 msgs=168 book=5 priceChange=161 lastTrade=2 lastMsg=9953ms ago
2025-12-18T11:13:20.873+01:00  INFO 21738 --- [executor-service] [   clob-ws-ping] c.p.h.p.ws.ClobMarketWebSocketClient     : Market WS heartbeat subscribed=1 tobKnown=2 msgs=168 book=5 priceChange=161 lastTrade=2 lastMsg=4944ms ago
2025-12-18T11:13:35.876+01:00  INFO 21738 --- [executor-service] [   clob-ws-ping] c.p.h.p.ws.ClobMarketWebSocketClient     : Market WS heartbeat subscribed=1 tobKnown=2 msgs=168 book=5 priceChange=161 lastTrade=2 lastMsg=9940ms ago
2025-12-18T11:13:50.872+01:00  INFO 21738 --- [executor-service] [   clob-ws-ping] c.p.h.p.ws.ClobMarketWebSocketClient     : Market WS heartbeat subscribed=1 tobKnown=2 msgs=168 book=5 priceChange=161 lastTrade=2 lastMsg=4940ms ago
2025-12-18T11:14:05.874+01:00  INFO 21738 --- [executor-service] [   clob-ws-ping] c.p.h.p.ws.ClobMarketWebSocketClient     : Market WS heartbeat subscribed=1 tobKnown=2 msgs=168 book=5 priceChange=161 lastTrade=2 lastMsg=9948ms ago
2025-12-18T11:14:20.872+01:00  INFO 21738 --- [executor-service] [   clob-ws-ping] c.p.h.p.ws.ClobMarketWebSocketClient     : Market WS heartbeat subscribed=1 tobKnown=2 msgs=168 book=5 priceChange=161 lastTrade=2 lastMsg=4940ms ago
2025-12-18T11:14:35.873+01:00  INFO 21738 --- [executor-service] [   clob-ws-ping] c.p.h.p.ws.ClobMarketWebSocketClient     : Market WS heartbeat subscribed=1 tobKnown=2 msgs=168 book=5 priceChange=161 lastTrade=2 lastMsg=9928ms ago
2025-12-18T11:14:50.871+01:00  INFO 21738 --- [executor-service] [   clob-ws-ping] c.p.h.p.ws.ClobMarketWebSocketClient     : Market WS heartbeat subscribed=1 tobKnown=2 msgs=168 book=5 priceChange=161 lastTrade=2 lastMsg=4946ms ago
2025-12-18T11:15:05.870+01:00  INFO 21738 --- [executor-service] [   clob-ws-ping] c.p.h.p.ws.ClobMarketWebSocketClient     : Market WS heartbeat subscribed=1 tobKnown=2 msgs=175 book=5 priceChange=168 lastTrade=2 lastMsg=7096ms ago
2025-12-18T11:15:20.876+01:00  INFO 21738 --- [executor-service] [   clob-ws-ping] c.p.h.p.ws.ClobMarketWebSocketClient     : Market WS heartbeat subscribed=1 tobKnown=2 msgs=179 book=5 priceChange=172 lastTrade=2 lastMsg=4950ms ago
2025-12-18T11:15:35.873+01:00  INFO 21738 --- [executor-service] [   clob-ws-ping] c.p.h.p.ws.ClobMarketWebSocketClient     : Market WS heartbeat subscribed=1 tobKnown=2 msgs=183 book=5 priceChange=176 lastTrade=2 lastMsg=9945ms ago
2025-12-18T11:15:50.874+01:00  INFO 21738 --- [executor-service] [   clob-ws-ping] c.p.h.p.ws.ClobMarketWebSocketClient     : Market WS heartbeat subscribed=1 tobKnown=2 msgs=189 book=5 priceChange=182 lastTrade=2 lastMsg=33ms ago
2025-12-18T11:16:05.878+01:00  INFO 21738 --- [executor-service] [   clob-ws-ping] c.p.h.p.ws.ClobMarketWebSocketClient     : Market WS heartbeat subscribed=1 tobKnown=2 msgs=189 book=5 priceChange=182 lastTrade=2 lastMsg=9939ms ago
2025-12-18T11:16:20.870+01:00  INFO 21738 --- [executor-service] [   clob-ws-ping] c.p.h.p.ws.ClobMarketWebSocketClient     : Market WS heartbeat subscribed=1 tobKnown=2 msgs=189 book=5 priceChange=182 lastTrade=2 lastMsg=4925ms ago
2025-12-18T11:16:35.875+01:00  INFO 21738 --- [executor-service] [   clob-ws-ping] c.p.h.p.ws.ClobMarketWebSocketClient     : Market WS heartbeat subscribed=1 tobKnown=2 msgs=195 book=5 priceChange=188 lastTrade=2 lastMsg=9026ms ago
2025-12-18T11:16:50.873+01:00  INFO 21738 --- [executor-service] [   clob-ws-ping] c.p.h.p.ws.ClobMarketWebSocketClient     : Market WS heartbeat subscribed=1 tobKnown=2 msgs=195 book=5 priceChange=188 lastTrade=2 lastMsg=4935ms ago
2025-12-18T11:17:05.873+01:00  INFO 21738 --- [executor-service] [   clob-ws-ping] c.p.h.p.ws.ClobMarketWebSocketClient     : Market WS heartbeat subscribed=1 tobKnown=2 msgs=195 book=5 priceChange=188 lastTrade=2 lastMsg=9938ms ago
2025-12-18T11:17:20.871+01:00  INFO 21738 --- [executor-service] [   clob-ws-ping] c.p.h.p.ws.ClobMarketWebSocketClient     : Market WS heartbeat subscribed=1 tobKnown=2 msgs=195 book=5 priceChange=188 lastTrade=2 lastMsg=4944ms ago
2025-12-18T11:17:35.871+01:00  INFO 21738 --- [executor-service] [   clob-ws-ping] c.p.h.p.ws.ClobMarketWebSocketClient     : Market WS heartbeat subscribed=1 tobKnown=2 msgs=195 book=5 priceChange=188 lastTrade=2 lastMsg=9941ms ago
2025-12-18T11:17:50.871+01:00  INFO 21738 --- [executor-service] [   clob-ws-ping] c.p.h.p.ws.ClobMarketWebSocketClient     : Market WS heartbeat subscribed=1 tobKnown=2 msgs=195 book=5 priceChange=188 lastTrade=2 lastMsg=4946ms ago
2025-12-18T11:18:05.871+01:00  INFO 21738 --- [executor-service] [   clob-ws-ping] c.p.h.p.ws.ClobMarketWebSocketClient     : Market WS heartbeat subscribed=1 tobKnown=2 msgs=195 book=5 priceChange=188 lastTrade=2 lastMsg=9948ms ago
2025-12-18T11:18:20.870+01:00  INFO 21738 --- [executor-service] [   clob-ws-ping] c.p.h.p.ws.ClobMarketWebSocketClient     : Market WS heartbeat subscribed=1 tobKnown=2 msgs=197 book=5 priceChange=190 lastTrade=2 lastMsg=4276ms ago
2025-12-18T11:18:35.871+01:00  INFO 21738 --- [executor-service] [   clob-ws-ping] c.p.h.p.ws.ClobMarketWebSocketClient     : Market WS heartbeat subscribed=1 tobKnown=2 msgs=201 book=5 priceChange=194 lastTrade=2 lastMsg=6907ms ago
2025-12-18T11:18:50.872+01:00  INFO 21738 --- [executor-service] [   clob-ws-ping] c.p.h.p.ws.ClobMarketWebSocketClient     : Market WS heartbeat subscribed=1 tobKnown=2 msgs=204 book=5 priceChange=197 lastTrade=2 lastMsg=4946ms ago
2025-12-18T11:19:05.871+01:00  INFO 21738 --- [executor-service] [   clob-ws-ping] c.p.h.p.ws.ClobMarketWebSocketClient     : Market WS heartbeat subscribed=1 tobKnown=2 msgs=206 book=5 priceChange=199 lastTrade=2 lastMsg=5557ms ago
2025-12-18T11:19:20.870+01:00  INFO 21738 --- [executor-service] [   clob-ws-ping] c.p.h.p.ws.ClobMarketWebSocketClient     : Market WS heartbeat subscribed=1 tobKnown=2 msgs=206 book=5 priceChange=199 lastTrade=2 lastMsg=4939ms ago
2025-12-18T11:19:35.874+01:00  INFO 21738 --- [executor-service] [   clob-ws-ping] c.p.h.p.ws.ClobMarketWebSocketClient     : Market WS heartbeat subscribed=1 tobKnown=2 msgs=208 book=5 priceChange=201 lastTrade=2 lastMsg=9941ms ago
2025-12-18T11:19:50.871+01:00  INFO 21738 --- [executor-service] [   clob-ws-ping] c.p.h.p.ws.ClobMarketWebSocketClient     : Market WS heartbeat subscribed=1 tobKnown=2 msgs=208 book=5 priceChange=201 lastTrade=2 lastMsg=4944ms ago
2025-12-18T11:20:05.873+01:00  INFO 21738 --- [executor-service] [   clob-ws-ping] c.p.h.p.ws.ClobMarketWebSocketClient     : Market WS heartbeat subscribed=1 tobKnown=2 msgs=208 book=5 priceChange=201 lastTrade=2 lastMsg=9941ms ago
2025-12-18T11:20:20.871+01:00  INFO 21738 --- [executor-service] [   clob-ws-ping] c.p.h.p.ws.ClobMarketWebSocketClient     : Market WS heartbeat subscribed=1 tobKnown=2 msgs=208 book=5 priceChange=201 lastTrade=2 lastMsg=4948ms ago
2025-12-18T11:20:35.871+01:00  INFO 21738 --- [executor-service] [   clob-ws-ping] c.p.h.p.ws.ClobMarketWebSocketClient     : Market WS heartbeat subscribed=1 tobKnown=2 msgs=208 book=5 priceChange=201 lastTrade=2 lastMsg=9946ms ago
2025-12-18T11:20:50.871+01:00  INFO 21738 --- [executor-service] [   clob-ws-ping] c.p.h.p.ws.ClobMarketWebSocketClient     : Market WS heartbeat subscribed=1 tobKnown=2 msgs=208 book=5 priceChange=201 lastTrade=2 lastMsg=4946ms ago
2025-12-18T11:21:05.870+01:00  INFO 21738 --- [executor-service] [   clob-ws-ping] c.p.h.p.ws.ClobMarketWebSocketClient     : Market WS heartbeat subscribed=1 tobKnown=2 msgs=208 book=5 priceChange=201 lastTrade=2 lastMsg=9930ms ago
2025-12-18T11:21:20.870+01:00  INFO 21738 --- [executor-service] [   clob-ws-ping] c.p.h.p.ws.ClobMarketWebSocketClient     : Market WS heartbeat subscribed=1 tobKnown=2 msgs=208 book=5 priceChange=201 lastTrade=2 lastMsg=4926ms ago
2025-12-18T11:21:35.874+01:00  INFO 21738 --- [executor-service] [   clob-ws-ping] c.p.h.p.ws.ClobMarketWebSocketClient     : Market WS heartbeat subscribed=1 tobKnown=2 msgs=210 book=5 priceChange=203 lastTrade=2 lastMsg=5687ms ago
2025-12-18T11:21:50.869+01:00  INFO 21738 --- [executor-service] [   clob-ws-ping] c.p.h.p.ws.ClobMarketWebSocketClient     : Market WS heartbeat subscribed=1 tobKnown=2 msgs=211 book=5 priceChange=204 lastTrade=2 lastMsg=4945ms ago
2025-12-18T11:22:05.870+01:00  INFO 21738 --- [executor-service] [   clob-ws-ping] c.p.h.p.ws.ClobMarketWebSocketClient     : Market WS heartbeat subscribed=1 tobKnown=2 msgs=215 book=5 priceChange=208 lastTrade=2 lastMsg=5506ms ago
2025-12-18T11:22:20.872+01:00  INFO 21738 --- [executor-service] [   clob-ws-ping] c.p.h.p.ws.ClobMarketWebSocketClient     : Market WS heartbeat subscribed=1 tobKnown=2 msgs=219 book=5 priceChange=212 lastTrade=2 lastMsg=4948ms ago
2025-12-18T11:22:35.870+01:00  INFO 21738 --- [executor-service] [   clob-ws-ping] c.p.h.p.ws.ClobMarketWebSocketClient     : Market WS heartbeat subscribed=1 tobKnown=2 msgs=223 book=5 priceChange=216 lastTrade=2 lastMsg=9198ms ago
2025-12-18T11:22:50.868+01:00  INFO 21738 --- [executor-service] [   clob-ws-ping] c.p.h.p.ws.ClobMarketWebSocketClient     : Market WS heartbeat subscribed=1 tobKnown=2 msgs=227 book=5 priceChange=220 lastTrade=2 lastMsg=4941ms ago
2025-12-18T11:23:05.873+01:00  INFO 21738 --- [executor-service] [   clob-ws-ping] c.p.h.p.ws.ClobMarketWebSocketClient     : Market WS heartbeat subscribed=1 tobKnown=2 msgs=231 book=5 priceChange=224 lastTrade=2 lastMsg=8043ms ago
2025-12-18T11:23:20.867+01:00  INFO 21738 --- [executor-service] [   clob-ws-ping] c.p.h.p.ws.ClobMarketWebSocketClient     : Market WS heartbeat subscribed=1 tobKnown=2 msgs=234 book=5 priceChange=227 lastTrade=2 lastMsg=4938ms ago
2025-12-18T11:23:35.868+01:00  INFO 21738 --- [executor-service] [   clob-ws-ping] c.p.h.p.ws.ClobMarketWebSocketClient     : Market WS heartbeat subscribed=1 tobKnown=2 msgs=236 book=5 priceChange=229 lastTrade=2 lastMsg=6139ms ago
2025-12-18T11:23:50.869+01:00  INFO 21738 --- [executor-service] [   clob-ws-ping] c.p.h.p.ws.ClobMarketWebSocketClient     : Market WS heartbeat subscribed=1 tobKnown=2 msgs=236 book=5 priceChange=229 lastTrade=2 lastMsg=4948ms ago
2025-12-18T11:24:05.872+01:00  INFO 21738 --- [executor-service] [   clob-ws-ping] c.p.h.p.ws.ClobMarketWebSocketClient     : Market WS heartbeat subscribed=1 tobKnown=2 msgs=236 book=5 priceChange=229 lastTrade=2 lastMsg=9946ms ago
2025-12-18T11:24:20.868+01:00  INFO 21738 --- [executor-service] [   clob-ws-ping] c.p.h.p.ws.ClobMarketWebSocketClient     : Market WS heartbeat subscribed=1 tobKnown=2 msgs=236 book=5 priceChange=229 lastTrade=2 lastMsg=4947ms ago
2025-12-18T11:24:35.872+01:00  INFO 21738 --- [executor-service] [   clob-ws-ping] c.p.h.p.ws.ClobMarketWebSocketClient     : Market WS heartbeat subscribed=1 tobKnown=2 msgs=236 book=5 priceChange=229 lastTrade=2 lastMsg=9947ms ago
2025-12-18T11:24:50.870+01:00  INFO 21738 --- [executor-service] [   clob-ws-ping] c.p.h.p.ws.ClobMarketWebSocketClient     : Market WS heartbeat subscribed=1 tobKnown=2 msgs=236 book=5 priceChange=229 lastTrade=2 lastMsg=4949ms ago
2025-12-18T11:25:05.872+01:00  INFO 21738 --- [executor-service] [   clob-ws-ping] c.p.h.p.ws.ClobMarketWebSocketClient     : Market WS heartbeat subscribed=1 tobKnown=2 msgs=236 book=5 priceChange=229 lastTrade=2 lastMsg=9947ms ago
2025-12-18T11:25:20.870+01:00  INFO 21738 --- [executor-service] [   clob-ws-ping] c.p.h.p.ws.ClobMarketWebSocketClient     : Market WS heartbeat subscribed=1 tobKnown=2 msgs=236 book=5 priceChange=229 lastTrade=2 lastMsg=4936ms ago
2025-12-18T11:25:35.868+01:00  INFO 21738 --- [executor-service] [   clob-ws-ping] c.p.h.p.ws.ClobMarketWebSocketClient     : Market WS heartbeat subscribed=1 tobKnown=2 msgs=236 book=5 priceChange=229 lastTrade=2 lastMsg=9939ms ago
2025-12-18T11:25:50.870+01:00  INFO 21738 --- [executor-service] [   clob-ws-ping] c.p.h.p.ws.ClobMarketWebSocketClient     : Market WS heartbeat subscribed=1 tobKnown=2 msgs=236 book=5 priceChange=229 lastTrade=2 lastMsg=4889ms ago
2025-12-18T11:26:05.871+01:00  INFO 21738 --- [executor-service] [   clob-ws-ping] c.p.h.p.ws.ClobMarketWebSocketClient     : Market WS heartbeat subscribed=1 tobKnown=2 msgs=236 book=5 priceChange=229 lastTrade=2 lastMsg=9953ms ago
2025-12-18T11:26:20.869+01:00  INFO 21738 --- [executor-service] [   clob-ws-ping] c.p.h.p.ws.ClobMarketWebSocketClient     : Market WS heartbeat subscribed=1 tobKnown=2 msgs=236 book=5 priceChange=229 lastTrade=2 lastMsg=4946ms ago
2025-12-18T11:26:35.877+01:00  INFO 21738 --- [executor-service] [   clob-ws-ping] c.p.h.p.ws.ClobMarketWebSocketClient     : Market WS heartbeat subscribed=1 tobKnown=2 msgs=236 book=5 priceChange=229 lastTrade=2 lastMsg=9957ms ago
2025-12-18T11:26:50.873+01:00  INFO 21738 --- [executor-service] [   clob-ws-ping] c.p.h.p.ws.ClobMarketWebSocketClient     : Market WS heartbeat subscribed=1 tobKnown=2 msgs=236 book=5 priceChange=229 lastTrade=2 lastMsg=4950ms ago
2025-12-18T11:27:05.872+01:00  INFO 21738 --- [executor-service] [   clob-ws-ping] c.p.h.p.ws.ClobMarketWebSocketClient     : Market WS heartbeat subscribed=1 tobKnown=2 msgs=236 book=5 priceChange=229 lastTrade=2 lastMsg=9943ms ago
2025-12-18T11:27:20.873+01:00  INFO 21738 --- [executor-service] [   clob-ws-ping] c.p.h.p.ws.ClobMarketWebSocketClient     : Market WS heartbeat subscribed=1 tobKnown=2 msgs=236 book=5 priceChange=229 lastTrade=2 lastMsg=4941ms ago
2025-12-18T11:27:35.872+01:00  INFO 21738 --- [executor-service] [   clob-ws-ping] c.p.h.p.ws.ClobMarketWebSocketClient     : Market WS heartbeat subscribed=1 tobKnown=2 msgs=236 book=5 priceChange=229 lastTrade=2 lastMsg=9955ms ago
2025-12-18T11:27:50.867+01:00  INFO 21738 --- [executor-service] [   clob-ws-ping] c.p.h.p.ws.ClobMarketWebSocketClient     : Market WS heartbeat subscribed=1 tobKnown=2 msgs=236 book=5 priceChange=229 lastTrade=2 lastMsg=4940ms ago
2025-12-18T11:28:05.873+01:00  INFO 21738 --- [executor-service] [   clob-ws-ping] c.p.h.p.ws.ClobMarketWebSocketClient     : Market WS heartbeat subscribed=1 tobKnown=2 msgs=236 book=5 priceChange=229 lastTrade=2 lastMsg=9943ms ago
2025-12-18T11:28:20.865+01:00  INFO 21738 --- [executor-service] [   clob-ws-ping] c.p.h.p.ws.ClobMarketWebSocketClient     : Market WS heartbeat subscribed=1 tobKnown=2 msgs=236 book=5 priceChange=229 lastTrade=2 lastMsg=4933ms ago
2025-12-18T11:28:35.872+01:00  INFO 21738 --- [executor-service] [   clob-ws-ping] c.p.h.p.ws.ClobMarketWebSocketClient     : Market WS heartbeat subscribed=1 tobKnown=2 msgs=236 book=5 priceChange=229 lastTrade=2 lastMsg=9942ms ago
2025-12-18T11:28:50.868+01:00  INFO 21738 --- [executor-service] [   clob-ws-ping] c.p.h.p.ws.ClobMarketWebSocketClient     : Market WS heartbeat subscribed=1 tobKnown=2 msgs=236 book=5 priceChange=229 lastTrade=2 lastMsg=4933ms ago
2025-12-18T11:29:05.874+01:00  INFO 21738 --- [executor-service] [   clob-ws-ping] c.p.h.p.ws.ClobMarketWebSocketClient     : Market WS heartbeat subscribed=1 tobKnown=2 msgs=236 book=5 priceChange=229 lastTrade=2 lastMsg=9952ms ago
2025-12-18T11:29:20.928+01:00  INFO 21738 --- [executor-service] [   clob-ws-ping] c.p.h.p.ws.ClobMarketWebSocketClient     : Market WS heartbeat subscribed=1 tobKnown=2 msgs=236 book=5 priceChange=229 lastTrade=2 lastMsg=4953ms ago
2025-12-18T11:29:35.929+01:00  INFO 21738 --- [executor-service] [   clob-ws-ping] c.p.h.p.ws.ClobMarketWebSocketClient     : Market WS heartbeat subscribed=1 tobKnown=2 msgs=236 book=5 priceChange=229 lastTrade=2 lastMsg=9952ms ago
2025-12-18T11:29:50.924+01:00  INFO 21738 --- [executor-service] [   clob-ws-ping] c.p.h.p.ws.ClobMarketWebSocketClient     : Market WS heartbeat subscribed=1 tobKnown=2 msgs=240 book=5 priceChange=233 lastTrade=2 lastMsg=4941ms ago
2025-12-18T11:30:05.931+01:00  INFO 21738 --- [executor-service] [   clob-ws-ping] c.p.h.p.ws.ClobMarketWebSocketClient     : Market WS heartbeat subscribed=1 tobKnown=2 msgs=250 book=5 priceChange=243 lastTrade=2 lastMsg=7245ms ago
2025-12-18T11:30:20.925+01:00  INFO 21738 --- [executor-service] [   clob-ws-ping] c.p.h.p.ws.ClobMarketWebSocketClient     : Market WS heartbeat subscribed=1 tobKnown=2 msgs=254 book=5 priceChange=247 lastTrade=2 lastMsg=4951ms ago
2025-12-18T11:30:35.931+01:00  INFO 21738 --- [executor-service] [   clob-ws-ping] c.p.h.p.ws.ClobMarketWebSocketClient     : Market WS heartbeat subscribed=1 tobKnown=2 msgs=258 book=5 priceChange=251 lastTrade=2 lastMsg=9878ms ago
2025-12-18T11:30:50.924+01:00  INFO 21738 --- [executor-service] [   clob-ws-ping] c.p.h.p.ws.ClobMarketWebSocketClient     : Market WS heartbeat subscribed=1 tobKnown=2 msgs=262 book=5 priceChange=255 lastTrade=2 lastMsg=4946ms ago
2025-12-18T11:31:05.925+01:00  INFO 21738 --- [executor-service] [   clob-ws-ping] c.p.h.p.ws.ClobMarketWebSocketClient     : Market WS heartbeat subscribed=1 tobKnown=2 msgs=265 book=5 priceChange=258 lastTrade=2 lastMsg=9940ms ago
2025-12-18T11:31:20.927+01:00  INFO 21738 --- [executor-service] [   clob-ws-ping] c.p.h.p.ws.ClobMarketWebSocketClient     : Market WS heartbeat subscribed=1 tobKnown=2 msgs=269 book=5 priceChange=262 lastTrade=2 lastMsg=4950ms ago
2025-12-18T11:31:35.927+01:00  INFO 21738 --- [executor-service] [   clob-ws-ping] c.p.h.p.ws.ClobMarketWebSocketClient     : Market WS heartbeat subscribed=1 tobKnown=2 msgs=275 book=5 priceChange=268 lastTrade=2 lastMsg=7685ms ago
2025-12-18T11:31:50.930+01:00  INFO 21738 --- [executor-service] [   clob-ws-ping] c.p.h.p.ws.ClobMarketWebSocketClient     : Market WS heartbeat subscribed=1 tobKnown=2 msgs=275 book=5 priceChange=268 lastTrade=2 lastMsg=4939ms ago
2025-12-18T11:32:05.926+01:00  INFO 21738 --- [executor-service] [   clob-ws-ping] c.p.h.p.ws.ClobMarketWebSocketClient     : Market WS heartbeat subscribed=1 tobKnown=2 msgs=275 book=5 priceChange=268 lastTrade=2 lastMsg=9946ms ago
2025-12-18T11:32:20.924+01:00  INFO 21738 --- [executor-service] [   clob-ws-ping] c.p.h.p.ws.ClobMarketWebSocketClient     : Market WS heartbeat subscribed=1 tobKnown=2 msgs=278 book=6 priceChange=270 lastTrade=2 lastMsg=3607ms ago
2025-12-18T11:32:35.928+01:00  INFO 21738 --- [executor-service] [   clob-ws-ping] c.p.h.p.ws.ClobMarketWebSocketClient     : Market WS heartbeat subscribed=1 tobKnown=2 msgs=281 book=6 priceChange=273 lastTrade=2 lastMsg=9023ms ago
2025-12-18T11:32:50.928+01:00  INFO 21738 --- [executor-service] [   clob-ws-ping] c.p.h.p.ws.ClobMarketWebSocketClient     : Market WS heartbeat subscribed=1 tobKnown=2 msgs=286 book=6 priceChange=278 lastTrade=2 lastMsg=4945ms ago
2025-12-18T11:33:05.932+01:00  INFO 21738 --- [executor-service] [   clob-ws-ping] c.p.h.p.ws.ClobMarketWebSocketClient     : Market WS heartbeat subscribed=1 tobKnown=2 msgs=286 book=6 priceChange=278 lastTrade=2 lastMsg=9948ms ago
2025-12-18T11:33:20.928+01:00  INFO 21738 --- [executor-service] [   clob-ws-ping] c.p.h.p.ws.ClobMarketWebSocketClient     : Market WS heartbeat subscribed=1 tobKnown=2 msgs=286 book=6 priceChange=278 lastTrade=2 lastMsg=4946ms ago
2025-12-18T11:33:35.926+01:00  INFO 21738 --- [executor-service] [   clob-ws-ping] c.p.h.p.ws.ClobMarketWebSocketClient     : Market WS heartbeat subscribed=1 tobKnown=2 msgs=286 book=6 priceChange=278 lastTrade=2 lastMsg=9919ms ago
2025-12-18T11:33:50.929+01:00  INFO 21738 --- [executor-service] [   clob-ws-ping] c.p.h.p.ws.ClobMarketWebSocketClient     : Market WS heartbeat subscribed=1 tobKnown=2 msgs=286 book=6 priceChange=278 lastTrade=2 lastMsg=4946ms ago
2025-12-18T11:34:05.928+01:00  INFO 21738 --- [executor-service] [   clob-ws-ping] c.p.h.p.ws.ClobMarketWebSocketClient     : Market WS heartbeat subscribed=1 tobKnown=2 msgs=286 book=6 priceChange=278 lastTrade=2 lastMsg=9944ms ago
2025-12-18T11:34:20.926+01:00  INFO 21738 --- [executor-service] [   clob-ws-ping] c.p.h.p.ws.ClobMarketWebSocketClient     : Market WS heartbeat subscribed=1 tobKnown=2 msgs=286 book=6 priceChange=278 lastTrade=2 lastMsg=4943ms ago
2025-12-18T11:34:35.927+01:00  INFO 21738 --- [executor-service] [   clob-ws-ping] c.p.h.p.ws.ClobMarketWebSocketClient     : Market WS heartbeat subscribed=1 tobKnown=2 msgs=286 book=6 priceChange=278 lastTrade=2 lastMsg=9946ms ago
2025-12-18T11:34:50.930+01:00  INFO 21738 --- [executor-service] [   clob-ws-ping] c.p.h.p.ws.ClobMarketWebSocketClient     : Market WS heartbeat subscribed=1 tobKnown=2 msgs=286 book=6 priceChange=278 lastTrade=2 lastMsg=4949ms ago
2025-12-18T11:35:05.933+01:00  INFO 21738 --- [executor-service] [   clob-ws-ping] c.p.h.p.ws.ClobMarketWebSocketClient     : Market WS heartbeat subscribed=1 tobKnown=2 msgs=286 book=6 priceChange=278 lastTrade=2 lastMsg=9955ms ago
2025-12-18T11:35:20.931+01:00  INFO 21738 --- [executor-service] [   clob-ws-ping] c.p.h.p.ws.ClobMarketWebSocketClient     : Market WS heartbeat subscribed=1 tobKnown=2 msgs=286 book=6 priceChange=278 lastTrade=2 lastMsg=4936ms ago
2025-12-18T11:35:35.925+01:00  INFO 21738 --- [executor-service] [   clob-ws-ping] c.p.h.p.ws.ClobMarketWebSocketClient     : Market WS heartbeat subscribed=1 tobKnown=2 msgs=286 book=6 priceChange=278 lastTrade=2 lastMsg=9931ms ago
2025-12-18T11:35:50.929+01:00  INFO 21738 --- [executor-service] [   clob-ws-ping] c.p.h.p.ws.ClobMarketWebSocketClient     : Market WS heartbeat subscribed=1 tobKnown=2 msgs=286 book=6 priceChange=278 lastTrade=2 lastMsg=4937ms ago
2025-12-18T11:36:05.930+01:00  INFO 21738 --- [executor-service] [   clob-ws-ping] c.p.h.p.ws.ClobMarketWebSocketClient     : Market WS heartbeat subscribed=1 tobKnown=2 msgs=286 book=6 priceChange=278 lastTrade=2 lastMsg=9943ms ago
2025-12-18T11:36:20.932+01:00  INFO 21738 --- [executor-service] [   clob-ws-ping] c.p.h.p.ws.ClobMarketWebSocketClient     : Market WS heartbeat subscribed=1 tobKnown=2 msgs=287 book=6 priceChange=279 lastTrade=2 lastMsg=4946ms ago
2025-12-18T11:36:35.930+01:00  INFO 21738 --- [executor-service] [   clob-ws-ping] c.p.h.p.ws.ClobMarketWebSocketClient     : Market WS heartbeat subscribed=1 tobKnown=2 msgs=291 book=6 priceChange=283 lastTrade=2 lastMsg=4864ms ago
2025-12-18T11:36:50.927+01:00  INFO 21738 --- [executor-service] [   clob-ws-ping] c.p.h.p.ws.ClobMarketWebSocketClient     : Market WS heartbeat subscribed=1 tobKnown=2 msgs=294 book=6 priceChange=286 lastTrade=2 lastMsg=4936ms ago
2025-12-18T11:37:05.933+01:00  INFO 21738 --- [executor-service] [   clob-ws-ping] c.p.h.p.ws.ClobMarketWebSocketClient     : Market WS heartbeat subscribed=1 tobKnown=2 msgs=296 book=6 priceChange=288 lastTrade=2 lastMsg=6624ms ago
2025-12-18T11:37:20.933+01:00  INFO 21738 --- [executor-service] [   clob-ws-ping] c.p.h.p.ws.ClobMarketWebSocketClient     : Market WS heartbeat subscribed=1 tobKnown=2 msgs=296 book=6 priceChange=288 lastTrade=2 lastMsg=4941ms ago
2025-12-18T11:37:35.932+01:00  INFO 21738 --- [executor-service] [   clob-ws-ping] c.p.h.p.ws.ClobMarketWebSocketClient     : Market WS heartbeat subscribed=1 tobKnown=2 msgs=296 book=6 priceChange=288 lastTrade=2 lastMsg=9942ms ago
2025-12-18T11:37:50.925+01:00  INFO 21738 --- [executor-service] [   clob-ws-ping] c.p.h.p.ws.ClobMarketWebSocketClient     : Market WS heartbeat subscribed=1 tobKnown=2 msgs=296 book=6 priceChange=288 lastTrade=2 lastMsg=4936ms ago
2025-12-18T11:38:05.934+01:00  INFO 21738 --- [executor-service] [   clob-ws-ping] c.p.h.p.ws.ClobMarketWebSocketClient     : Market WS heartbeat subscribed=1 tobKnown=2 msgs=296 book=6 priceChange=288 lastTrade=2 lastMsg=9950ms ago
2025-12-18T11:38:20.932+01:00  INFO 21738 --- [executor-service] [   clob-ws-ping] c.p.h.p.ws.ClobMarketWebSocketClient     : Market WS heartbeat subscribed=1 tobKnown=2 msgs=296 book=6 priceChange=288 lastTrade=2 lastMsg=4943ms ago
2025-12-18T11:38:35.938+01:00  INFO 21738 --- [executor-service] [   clob-ws-ping] c.p.h.p.ws.ClobMarketWebSocketClient     : Market WS heartbeat subscribed=1 tobKnown=2 msgs=296 book=6 priceChange=288 lastTrade=2 lastMsg=9951ms ago
2025-12-18T11:38:50.926+01:00  INFO 21738 --- [executor-service] [   clob-ws-ping] c.p.h.p.ws.ClobMarketWebSocketClient     : Market WS heartbeat subscribed=1 tobKnown=2 msgs=296 book=6 priceChange=288 lastTrade=2 lastMsg=4941ms ago
2025-12-18T11:39:05.930+01:00  INFO 21738 --- [executor-service] [   clob-ws-ping] c.p.h.p.ws.ClobMarketWebSocketClient     : Market WS heartbeat subscribed=1 tobKnown=2 msgs=296 book=6 priceChange=288 lastTrade=2 lastMsg=9944ms ago
2025-12-18T11:39:20.925+01:00  INFO 21738 --- [executor-service] [   clob-ws-ping] c.p.h.p.ws.ClobMarketWebSocketClient     : Market WS heartbeat subscribed=1 tobKnown=2 msgs=297 book=6 priceChange=289 lastTrade=2 lastMsg=125ms ago
2025-12-18T11:39:35.927+01:00  INFO 21738 --- [executor-service] [   clob-ws-ping] c.p.h.p.ws.ClobMarketWebSocketClient     : Market WS heartbeat subscribed=1 tobKnown=2 msgs=299 book=6 priceChange=291 lastTrade=2 lastMsg=9945ms ago
2025-12-18T11:39:50.927+01:00  INFO 21738 --- [executor-service] [   clob-ws-ping] c.p.h.p.ws.ClobMarketWebSocketClient     : Market WS heartbeat subscribed=1 tobKnown=2 msgs=303 book=6 priceChange=295 lastTrade=2 lastMsg=4937ms ago
2025-12-18T11:40:05.934+01:00  INFO 21738 --- [executor-service] [   clob-ws-ping] c.p.h.p.ws.ClobMarketWebSocketClient     : Market WS heartbeat subscribed=1 tobKnown=2 msgs=309 book=6 priceChange=301 lastTrade=2 lastMsg=466ms ago
2025-12-18T11:40:20.927+01:00  INFO 21738 --- [executor-service] [   clob-ws-ping] c.p.h.p.ws.ClobMarketWebSocketClient     : Market WS heartbeat subscribed=1 tobKnown=2 msgs=310 book=6 priceChange=302 lastTrade=2 lastMsg=4944ms ago
2025-12-18T11:40:35.930+01:00  INFO 21738 --- [executor-service] [   clob-ws-ping] c.p.h.p.ws.ClobMarketWebSocketClient     : Market WS heartbeat subscribed=1 tobKnown=2 msgs=312 book=6 priceChange=304 lastTrade=2 lastMsg=9948ms ago
2025-12-18T11:40:50.926+01:00  INFO 21738 --- [executor-service] [   clob-ws-ping] c.p.h.p.ws.ClobMarketWebSocketClient     : Market WS heartbeat subscribed=1 tobKnown=2 msgs=312 book=6 priceChange=304 lastTrade=2 lastMsg=4934ms ago
2025-12-18T11:41:05.932+01:00  INFO 21738 --- [executor-service] [   clob-ws-ping] c.p.h.p.ws.ClobMarketWebSocketClient     : Market WS heartbeat subscribed=1 tobKnown=2 msgs=312 book=6 priceChange=304 lastTrade=2 lastMsg=9947ms ago
2025-12-18T11:41:20.927+01:00  INFO 21738 --- [executor-service] [   clob-ws-ping] c.p.h.p.ws.ClobMarketWebSocketClient     : Market WS heartbeat subscribed=1 tobKnown=2 msgs=312 book=6 priceChange=304 lastTrade=2 lastMsg=4939ms ago
2025-12-18T11:41:35.930+01:00  INFO 21738 --- [executor-service] [   clob-ws-ping] c.p.h.p.ws.ClobMarketWebSocketClient     : Market WS heartbeat subscribed=1 tobKnown=2 msgs=312 book=6 priceChange=304 lastTrade=2 lastMsg=9946ms ago
2025-12-18T11:41:50.931+01:00  INFO 21738 --- [executor-service] [   clob-ws-ping] c.p.h.p.ws.ClobMarketWebSocketClient     : Market WS heartbeat subscribed=1 tobKnown=2 msgs=315 book=6 priceChange=307 lastTrade=2 lastMsg=4944ms ago
2025-12-18T11:42:05.934+01:00  INFO 21738 --- [executor-service] [   clob-ws-ping] c.p.h.p.ws.ClobMarketWebSocketClient     : Market WS heartbeat subscribed=1 tobKnown=2 msgs=319 book=6 priceChange=311 lastTrade=2 lastMsg=9950ms ago
2025-12-18T11:42:20.930+01:00  INFO 21738 --- [executor-service] [   clob-ws-ping] c.p.h.p.ws.ClobMarketWebSocketClient     : Market WS heartbeat subscribed=1 tobKnown=2 msgs=323 book=6 priceChange=315 lastTrade=2 lastMsg=4945ms ago
2025-12-18T11:42:35.933+01:00  INFO 21738 --- [executor-service] [   clob-ws-ping] c.p.h.p.ws.ClobMarketWebSocketClient     : Market WS heartbeat subscribed=1 tobKnown=2 msgs=327 book=6 priceChange=319 lastTrade=2 lastMsg=9745ms ago
2025-12-18T11:42:50.930+01:00  INFO 21738 --- [executor-service] [   clob-ws-ping] c.p.h.p.ws.ClobMarketWebSocketClient     : Market WS heartbeat subscribed=1 tobKnown=2 msgs=330 book=6 priceChange=322 lastTrade=2 lastMsg=4928ms ago
2025-12-18T11:43:05.931+01:00  INFO 21738 --- [executor-service] [   clob-ws-ping] c.p.h.p.ws.ClobMarketWebSocketClient     : Market WS heartbeat subscribed=1 tobKnown=2 msgs=332 book=6 priceChange=324 lastTrade=2 lastMsg=8811ms ago
2025-12-18T11:43:20.930+01:00  INFO 21738 --- [executor-service] [   clob-ws-ping] c.p.h.p.ws.ClobMarketWebSocketClient     : Market WS heartbeat subscribed=1 tobKnown=2 msgs=332 book=6 priceChange=324 lastTrade=2 lastMsg=4951ms ago
2025-12-18T11:43:35.934+01:00  INFO 21738 --- [executor-service] [   clob-ws-ping] c.p.h.p.ws.ClobMarketWebSocketClient     : Market WS heartbeat subscribed=1 tobKnown=2 msgs=332 book=6 priceChange=324 lastTrade=2 lastMsg=9934ms ago
2025-12-18T11:43:50.931+01:00  INFO 21738 --- [executor-service] [   clob-ws-ping] c.p.h.p.ws.ClobMarketWebSocketClient     : Market WS heartbeat subscribed=1 tobKnown=2 msgs=332 book=6 priceChange=324 lastTrade=2 lastMsg=4947ms ago
2025-12-18T11:44:05.934+01:00  INFO 21738 --- [executor-service] [   clob-ws-ping] c.p.h.p.ws.ClobMarketWebSocketClient     : Market WS heartbeat subscribed=1 tobKnown=2 msgs=332 book=6 priceChange=324 lastTrade=2 lastMsg=9953ms ago
2025-12-18T11:44:20.931+01:00  INFO 21738 --- [executor-service] [   clob-ws-ping] c.p.h.p.ws.ClobMarketWebSocketClient     : Market WS heartbeat subscribed=1 tobKnown=2 msgs=332 book=6 priceChange=324 lastTrade=2 lastMsg=4937ms ago
2025-12-18T11:44:35.934+01:00  INFO 21738 --- [executor-service] [   clob-ws-ping] c.p.h.p.ws.ClobMarketWebSocketClient     : Market WS heartbeat subscribed=1 tobKnown=2 msgs=332 book=6 priceChange=324 lastTrade=2 lastMsg=9949ms ago
2025-12-18T11:44:50.929+01:00  INFO 21738 --- [executor-service] [   clob-ws-ping] c.p.h.p.ws.ClobMarketWebSocketClient     : Market WS heartbeat subscribed=1 tobKnown=2 msgs=339 book=6 priceChange=331 lastTrade=2 lastMsg=4935ms ago
2025-12-18T11:45:05.933+01:00  INFO 21738 --- [executor-service] [   clob-ws-ping] c.p.h.p.ws.ClobMarketWebSocketClient     : Market WS heartbeat subscribed=1 tobKnown=2 msgs=343 book=6 priceChange=335 lastTrade=2 lastMsg=5487ms ago
2025-12-18T11:45:20.931+01:00  INFO 21738 --- [executor-service] [   clob-ws-ping] c.p.h.p.ws.ClobMarketWebSocketClient     : Market WS heartbeat subscribed=1 tobKnown=2 msgs=347 book=6 priceChange=339 lastTrade=2 lastMsg=4939ms ago
2025-12-18T11:45:35.936+01:00  INFO 21738 --- [executor-service] [   clob-ws-ping] c.p.h.p.ws.ClobMarketWebSocketClient     : Market WS heartbeat subscribed=1 tobKnown=2 msgs=351 book=6 priceChange=343 lastTrade=2 lastMsg=5354ms ago
2025-12-18T11:45:50.930+01:00  INFO 21738 --- [executor-service] [   clob-ws-ping] c.p.h.p.ws.ClobMarketWebSocketClient     : Market WS heartbeat subscribed=1 tobKnown=2 msgs=353 book=6 priceChange=345 lastTrade=2 lastMsg=4801ms ago
2025-12-18T11:46:05.930+01:00  INFO 21738 --- [executor-service] [   clob-ws-ping] c.p.h.p.ws.ClobMarketWebSocketClient     : Market WS heartbeat subscribed=1 tobKnown=2 msgs=355 book=6 priceChange=347 lastTrade=2 lastMsg=8535ms ago
2025-12-18T11:46:20.930+01:00  INFO 21738 --- [executor-service] [   clob-ws-ping] c.p.h.p.ws.ClobMarketWebSocketClient     : Market WS heartbeat subscribed=1 tobKnown=2 msgs=365 book=6 priceChange=357 lastTrade=2 lastMsg=4943ms ago
2025-12-18T11:46:35.938+01:00  INFO 21738 --- [executor-service] [   clob-ws-ping] c.p.h.p.ws.ClobMarketWebSocketClient     : Market WS heartbeat subscribed=1 tobKnown=2 msgs=369 book=6 priceChange=361 lastTrade=2 lastMsg=6518ms ago
2025-12-18T11:46:50.932+01:00  INFO 21738 --- [executor-service] [   clob-ws-ping] c.p.h.p.ws.ClobMarketWebSocketClient     : Market WS heartbeat subscribed=1 tobKnown=2 msgs=373 book=6 priceChange=365 lastTrade=2 lastMsg=120ms ago
2025-12-18T11:47:05.932+01:00  INFO 21738 --- [executor-service] [   clob-ws-ping] c.p.h.p.ws.ClobMarketWebSocketClient     : Market WS heartbeat subscribed=1 tobKnown=2 msgs=373 book=6 priceChange=365 lastTrade=2 lastMsg=9950ms ago
2025-12-18T11:47:20.930+01:00  INFO 21738 --- [executor-service] [   clob-ws-ping] c.p.h.p.ws.ClobMarketWebSocketClient     : Market WS heartbeat subscribed=1 tobKnown=2 msgs=382 book=8 priceChange=371 lastTrade=3 lastMsg=4949ms ago
2025-12-18T11:47:35.930+01:00  INFO 21738 --- [executor-service] [   clob-ws-ping] c.p.h.p.ws.ClobMarketWebSocketClient     : Market WS heartbeat subscribed=1 tobKnown=2 msgs=386 book=8 priceChange=375 lastTrade=3 lastMsg=6196ms ago
2025-12-18T11:47:50.930+01:00  INFO 21738 --- [executor-service] [   clob-ws-ping] c.p.h.p.ws.ClobMarketWebSocketClient     : Market WS heartbeat subscribed=1 tobKnown=2 msgs=389 book=8 priceChange=378 lastTrade=3 lastMsg=4909ms ago
2025-12-18T11:48:05.931+01:00  INFO 21738 --- [executor-service] [   clob-ws-ping] c.p.h.p.ws.ClobMarketWebSocketClient     : Market WS heartbeat subscribed=1 tobKnown=2 msgs=391 book=8 priceChange=380 lastTrade=3 lastMsg=7355ms ago
2025-12-18T11:48:20.929+01:00  INFO 21738 --- [executor-service] [   clob-ws-ping] c.p.h.p.ws.ClobMarketWebSocketClient     : Market WS heartbeat subscribed=1 tobKnown=2 msgs=393 book=8 priceChange=382 lastTrade=3 lastMsg=4941ms ago
2025-12-18T11:48:35.931+01:00  INFO 21738 --- [executor-service] [   clob-ws-ping] c.p.h.p.ws.ClobMarketWebSocketClient     : Market WS heartbeat subscribed=1 tobKnown=2 msgs=393 book=8 priceChange=382 lastTrade=3 lastMsg=9916ms ago
2025-12-18T11:48:50.933+01:00  INFO 21738 --- [executor-service] [   clob-ws-ping] c.p.h.p.ws.ClobMarketWebSocketClient     : Market WS heartbeat subscribed=1 tobKnown=2 msgs=395 book=8 priceChange=384 lastTrade=3 lastMsg=2046ms ago
2025-12-18T11:49:05.934+01:00  INFO 21738 --- [executor-service] [   clob-ws-ping] c.p.h.p.ws.ClobMarketWebSocketClient     : Market WS heartbeat subscribed=1 tobKnown=2 msgs=397 book=8 priceChange=386 lastTrade=3 lastMsg=3719ms ago
2025-12-18T11:49:20.930+01:00  INFO 21738 --- [executor-service] [   clob-ws-ping] c.p.h.p.ws.ClobMarketWebSocketClient     : Market WS heartbeat subscribed=1 tobKnown=2 msgs=397 book=8 priceChange=386 lastTrade=3 lastMsg=4940ms ago
2025-12-18T11:49:35.935+01:00  INFO 21738 --- [executor-service] [   clob-ws-ping] c.p.h.p.ws.ClobMarketWebSocketClient     : Market WS heartbeat subscribed=1 tobKnown=2 msgs=397 book=8 priceChange=386 lastTrade=3 lastMsg=9947ms ago
2025-12-18T11:49:50.933+01:00  INFO 21738 --- [executor-service] [   clob-ws-ping] c.p.h.p.ws.ClobMarketWebSocketClient     : Market WS heartbeat subscribed=1 tobKnown=2 msgs=397 book=8 priceChange=386 lastTrade=3 lastMsg=4907ms ago
2025-12-18T11:50:05.931+01:00  INFO 21738 --- [executor-service] [   clob-ws-ping] c.p.h.p.ws.ClobMarketWebSocketClient     : Market WS heartbeat subscribed=1 tobKnown=2 msgs=397 book=8 priceChange=386 lastTrade=3 lastMsg=9943ms ago
2025-12-18T11:50:20.932+01:00  INFO 21738 --- [executor-service] [   clob-ws-ping] c.p.h.p.ws.ClobMarketWebSocketClient     : Market WS heartbeat subscribed=1 tobKnown=2 msgs=397 book=8 priceChange=386 lastTrade=3 lastMsg=4948ms ago
2025-12-18T11:50:35.934+01:00  INFO 21738 --- [executor-service] [   clob-ws-ping] c.p.h.p.ws.ClobMarketWebSocketClient     : Market WS heartbeat subscribed=1 tobKnown=2 msgs=397 book=8 priceChange=386 lastTrade=3 lastMsg=9947ms ago
2025-12-18T11:50:50.927+01:00  INFO 21738 --- [executor-service] [   clob-ws-ping] c.p.h.p.ws.ClobMarketWebSocketClient     : Market WS heartbeat subscribed=1 tobKnown=2 msgs=397 book=8 priceChange=386 lastTrade=3 lastMsg=4942ms ago
2025-12-18T11:51:05.916+01:00  INFO 21738 --- [executor-service] [   clob-ws-ping] c.p.h.p.ws.ClobMarketWebSocketClient     : Market WS heartbeat subscribed=1 tobKnown=2 msgs=397 book=8 priceChange=386 lastTrade=3 lastMsg=9915ms ago
2025-12-18T11:51:20.910+01:00  INFO 21738 --- [executor-service] [   clob-ws-ping] c.p.h.p.ws.ClobMarketWebSocketClient     : Market WS heartbeat subscribed=1 tobKnown=2 msgs=397 book=8 priceChange=386 lastTrade=3 lastMsg=4940ms ago
2025-12-18T11:51:35.911+01:00  INFO 21738 --- [executor-service] [   clob-ws-ping] c.p.h.p.ws.ClobMarketWebSocketClient     : Market WS heartbeat subscribed=1 tobKnown=2 msgs=397 book=8 priceChange=386 lastTrade=3 lastMsg=9938ms ago
2025-12-18T11:51:50.911+01:00  INFO 21738 --- [executor-service] [   clob-ws-ping] c.p.h.p.ws.ClobMarketWebSocketClient     : Market WS heartbeat subscribed=1 tobKnown=2 msgs=397 book=8 priceChange=386 lastTrade=3 lastMsg=4939ms ago
2025-12-18T11:52:05.908+01:00  INFO 21738 --- [executor-service] [   clob-ws-ping] c.p.h.p.ws.ClobMarketWebSocketClient     : Market WS heartbeat subscribed=1 tobKnown=2 msgs=397 book=8 priceChange=386 lastTrade=3 lastMsg=9929ms ago
2025-12-18T11:52:20.908+01:00  INFO 21738 --- [executor-service] [   clob-ws-ping] c.p.h.p.ws.ClobMarketWebSocketClient     : Market WS heartbeat subscribed=1 tobKnown=2 msgs=397 book=8 priceChange=386 lastTrade=3 lastMsg=4945ms ago
2025-12-18T11:52:35.917+01:00  INFO 21738 --- [executor-service] [   clob-ws-ping] c.p.h.p.ws.ClobMarketWebSocketClient     : Market WS heartbeat subscribed=1 tobKnown=2 msgs=397 book=8 priceChange=386 lastTrade=3 lastMsg=9958ms ago
2025-12-18T11:52:50.909+01:00  INFO 21738 --- [executor-service] [   clob-ws-ping] c.p.h.p.ws.ClobMarketWebSocketClient     : Market WS heartbeat subscribed=1 tobKnown=2 msgs=397 book=8 priceChange=386 lastTrade=3 lastMsg=4939ms ago
2025-12-18T11:53:05.911+01:00  INFO 21738 --- [executor-service] [   clob-ws-ping] c.p.h.p.ws.ClobMarketWebSocketClient     : Market WS heartbeat subscribed=1 tobKnown=2 msgs=397 book=8 priceChange=386 lastTrade=3 lastMsg=9949ms ago
2025-12-18T11:53:20.906+01:00  INFO 21738 --- [executor-service] [   clob-ws-ping] c.p.h.p.ws.ClobMarketWebSocketClient     : Market WS heartbeat subscribed=1 tobKnown=2 msgs=397 book=8 priceChange=386 lastTrade=3 lastMsg=4943ms ago
2025-12-18T11:53:35.909+01:00  INFO 21738 --- [executor-service] [   clob-ws-ping] c.p.h.p.ws.ClobMarketWebSocketClient     : Market WS heartbeat subscribed=1 tobKnown=2 msgs=397 book=8 priceChange=386 lastTrade=3 lastMsg=9949ms ago
2025-12-18T11:53:50.908+01:00  INFO 21738 --- [executor-service] [   clob-ws-ping] c.p.h.p.ws.ClobMarketWebSocketClient     : Market WS heartbeat subscribed=1 tobKnown=2 msgs=397 book=8 priceChange=386 lastTrade=3 lastMsg=4945ms ago
2025-12-18T11:54:05.909+01:00  INFO 21738 --- [executor-service] [   clob-ws-ping] c.p.h.p.ws.ClobMarketWebSocketClient     : Market WS heartbeat subscribed=1 tobKnown=2 msgs=397 book=8 priceChange=386 lastTrade=3 lastMsg=9951ms ago
2025-12-18T11:54:20.911+01:00  INFO 21738 --- [executor-service] [   clob-ws-ping] c.p.h.p.ws.ClobMarketWebSocketClient     : Market WS heartbeat subscribed=1 tobKnown=2 msgs=397 book=8 priceChange=386 lastTrade=3 lastMsg=4947ms ago
2025-12-18T11:54:35.909+01:00  INFO 21738 --- [executor-service] [   clob-ws-ping] c.p.h.p.ws.ClobMarketWebSocketClient     : Market WS heartbeat subscribed=1 tobKnown=2 msgs=397 book=8 priceChange=386 lastTrade=3 lastMsg=9945ms ago
2025-12-18T11:54:50.908+01:00  INFO 21738 --- [executor-service] [   clob-ws-ping] c.p.h.p.ws.ClobMarketWebSocketClient     : Market WS heartbeat subscribed=1 tobKnown=2 msgs=397 book=8 priceChange=386 lastTrade=3 lastMsg=4932ms ago
2025-12-18T11:55:05.912+01:00  INFO 21738 --- [executor-service] [   clob-ws-ping] c.p.h.p.ws.ClobMarketWebSocketClient     : Market WS heartbeat subscribed=1 tobKnown=2 msgs=397 book=8 priceChange=386 lastTrade=3 lastMsg=9951ms ago
2025-12-18T11:55:20.910+01:00  INFO 21738 --- [executor-service] [   clob-ws-ping] c.p.h.p.ws.ClobMarketWebSocketClient     : Market WS heartbeat subscribed=1 tobKnown=2 msgs=397 book=8 priceChange=386 lastTrade=3 lastMsg=4940ms ago
2025-12-18T11:55:35.911+01:00  INFO 21738 --- [executor-service] [   clob-ws-ping] c.p.h.p.ws.ClobMarketWebSocketClient     : Market WS heartbeat subscribed=1 tobKnown=2 msgs=397 book=8 priceChange=386 lastTrade=3 lastMsg=9948ms ago
2025-12-18T11:55:50.911+01:00  INFO 21738 --- [executor-service] [   clob-ws-ping] c.p.h.p.ws.ClobMarketWebSocketClient     : Market WS heartbeat subscribed=1 tobKnown=2 msgs=397 book=8 priceChange=386 lastTrade=3 lastMsg=4945ms ago
2025-12-18T11:56:05.911+01:00  INFO 21738 --- [executor-service] [   clob-ws-ping] c.p.h.p.ws.ClobMarketWebSocketClient     : Market WS heartbeat subscribed=1 tobKnown=2 msgs=397 book=8 priceChange=386 lastTrade=3 lastMsg=9947ms ago
2025-12-18T11:56:20.909+01:00  INFO 21738 --- [executor-service] [   clob-ws-ping] c.p.h.p.ws.ClobMarketWebSocketClient     : Market WS heartbeat subscribed=1 tobKnown=2 msgs=397 book=8 priceChange=386 lastTrade=3 lastMsg=4942ms ago
2025-12-18T11:56:35.912+01:00  INFO 21738 --- [executor-service] [   clob-ws-ping] c.p.h.p.ws.ClobMarketWebSocketClient     : Market WS heartbeat subscribed=1 tobKnown=2 msgs=397 book=8 priceChange=386 lastTrade=3 lastMsg=9940ms ago
2025-12-18T11:56:50.909+01:00  INFO 21738 --- [executor-service] [   clob-ws-ping] c.p.h.p.ws.ClobMarketWebSocketClient     : Market WS heartbeat subscribed=1 tobKnown=2 msgs=397 book=8 priceChange=386 lastTrade=3 lastMsg=4946ms ago
2025-12-18T11:57:05.911+01:00  INFO 21738 --- [executor-service] [   clob-ws-ping] c.p.h.p.ws.ClobMarketWebSocketClient     : Market WS heartbeat subscribed=1 tobKnown=2 msgs=397 book=8 priceChange=386 lastTrade=3 lastMsg=9946ms ago
2025-12-18T11:57:20.908+01:00  INFO 21738 --- [executor-service] [   clob-ws-ping] c.p.h.p.ws.ClobMarketWebSocketClient     : Market WS heartbeat subscribed=1 tobKnown=2 msgs=397 book=8 priceChange=386 lastTrade=3 lastMsg=4945ms ago
2025-12-18T11:57:35.910+01:00  INFO 21738 --- [executor-service] [   clob-ws-ping] c.p.h.p.ws.ClobMarketWebSocketClient     : Market WS heartbeat subscribed=1 tobKnown=2 msgs=397 book=8 priceChange=386 lastTrade=3 lastMsg=9950ms ago
2025-12-18T11:57:50.911+01:00  INFO 21738 --- [executor-service] [   clob-ws-ping] c.p.h.p.ws.ClobMarketWebSocketClient     : Market WS heartbeat subscribed=1 tobKnown=2 msgs=397 book=8 priceChange=386 lastTrade=3 lastMsg=4943ms ago
2025-12-18T11:58:05.910+01:00  INFO 21738 --- [executor-service] [   clob-ws-ping] c.p.h.p.ws.ClobMarketWebSocketClient     : Market WS heartbeat subscribed=1 tobKnown=2 msgs=398 book=8 priceChange=387 lastTrade=3 lastMsg=9947ms ago
2025-12-18T11:58:20.912+01:00  INFO 21738 --- [executor-service] [   clob-ws-ping] c.p.h.p.ws.ClobMarketWebSocketClient     : Market WS heartbeat subscribed=1 tobKnown=2 msgs=398 book=8 priceChange=387 lastTrade=3 lastMsg=4948ms ago
2025-12-18T11:58:35.916+01:00  INFO 21738 --- [executor-service] [   clob-ws-ping] c.p.h.p.ws.ClobMarketWebSocketClient     : Market WS heartbeat subscribed=1 tobKnown=2 msgs=398 book=8 priceChange=387 lastTrade=3 lastMsg=9950ms ago
2025-12-18T11:58:50.912+01:00  INFO 21738 --- [executor-service] [   clob-ws-ping] c.p.h.p.ws.ClobMarketWebSocketClient     : Market WS heartbeat subscribed=1 tobKnown=2 msgs=398 book=8 priceChange=387 lastTrade=3 lastMsg=4927ms ago
2025-12-18T11:59:05.915+01:00  INFO 21738 --- [executor-service] [   clob-ws-ping] c.p.h.p.ws.ClobMarketWebSocketClient     : Market WS heartbeat subscribed=1 tobKnown=2 msgs=398 book=8 priceChange=387 lastTrade=3 lastMsg=9946ms ago
2025-12-18T11:59:20.912+01:00  INFO 21738 --- [executor-service] [   clob-ws-ping] c.p.h.p.ws.ClobMarketWebSocketClient     : Market WS heartbeat subscribed=1 tobKnown=2 msgs=404 book=8 priceChange=393 lastTrade=3 lastMsg=172ms ago
2025-12-18T11:59:35.914+01:00  INFO 21738 --- [executor-service] [   clob-ws-ping] c.p.h.p.ws.ClobMarketWebSocketClient     : Market WS heartbeat subscribed=1 tobKnown=2 msgs=404 book=8 priceChange=393 lastTrade=3 lastMsg=9928ms ago
2025-12-18T11:59:50.908+01:00  INFO 21738 --- [executor-service] [   clob-ws-ping] c.p.h.p.ws.ClobMarketWebSocketClient     : Market WS heartbeat subscribed=1 tobKnown=2 msgs=409 book=9 priceChange=397 lastTrade=3 lastMsg=1830ms ago
2025-12-18T12:00:05.918+01:00  INFO 21738 --- [executor-service] [   clob-ws-ping] c.p.h.p.ws.ClobMarketWebSocketClient     : Market WS heartbeat subscribed=1 tobKnown=2 msgs=416 book=10 priceChange=403 lastTrade=3 lastMsg=5290ms ago
2025-12-18T12:00:20.915+01:00  INFO 21738 --- [executor-service] [   clob-ws-ping] c.p.h.p.ws.ClobMarketWebSocketClient     : Market WS heartbeat subscribed=1 tobKnown=2 msgs=416 book=10 priceChange=403 lastTrade=3 lastMsg=4930ms ago
2025-12-18T12:00:35.910+01:00  INFO 21738 --- [executor-service] [   clob-ws-ping] c.p.h.p.ws.ClobMarketWebSocketClient     : Market WS heartbeat subscribed=1 tobKnown=2 msgs=416 book=10 priceChange=403 lastTrade=3 lastMsg=9945ms ago
2025-12-18T12:00:50.912+01:00  INFO 21738 --- [executor-service] [   clob-ws-ping] c.p.h.p.ws.ClobMarketWebSocketClient     : Market WS heartbeat subscribed=1 tobKnown=2 msgs=423 book=10 priceChange=410 lastTrade=3 lastMsg=818ms ago
2025-12-18T12:01:05.914+01:00  INFO 21738 --- [executor-service] [   clob-ws-ping] c.p.h.p.ws.ClobMarketWebSocketClient     : Market WS heartbeat subscribed=1 tobKnown=2 msgs=423 book=10 priceChange=410 lastTrade=3 lastMsg=9945ms ago
2025-12-18T12:01:20.912+01:00  INFO 21738 --- [executor-service] [   clob-ws-ping] c.p.h.p.ws.ClobMarketWebSocketClient     : Market WS heartbeat subscribed=1 tobKnown=2 msgs=423 book=10 priceChange=410 lastTrade=3 lastMsg=4926ms ago
2025-12-18T12:01:35.914+01:00  INFO 21738 --- [executor-service] [   clob-ws-ping] c.p.h.p.ws.ClobMarketWebSocketClient     : Market WS heartbeat subscribed=1 tobKnown=2 msgs=423 book=10 priceChange=410 lastTrade=3 lastMsg=9935ms ago
2025-12-18T12:01:50.911+01:00  INFO 21738 --- [executor-service] [   clob-ws-ping] c.p.h.p.ws.ClobMarketWebSocketClient     : Market WS heartbeat subscribed=1 tobKnown=2 msgs=423 book=10 priceChange=410 lastTrade=3 lastMsg=4944ms ago
2025-12-18T12:02:05.913+01:00  INFO 21738 --- [executor-service] [   clob-ws-ping] c.p.h.p.ws.ClobMarketWebSocketClient     : Market WS heartbeat subscribed=1 tobKnown=2 msgs=423 book=10 priceChange=410 lastTrade=3 lastMsg=9931ms ago
2025-12-18T12:02:20.909+01:00  INFO 21738 --- [executor-service] [   clob-ws-ping] c.p.h.p.ws.ClobMarketWebSocketClient     : Market WS heartbeat subscribed=1 tobKnown=2 msgs=423 book=10 priceChange=410 lastTrade=3 lastMsg=4943ms ago
2025-12-18T12:02:35.913+01:00  INFO 21738 --- [executor-service] [   clob-ws-ping] c.p.h.p.ws.ClobMarketWebSocketClient     : Market WS heartbeat subscribed=1 tobKnown=2 msgs=423 book=10 priceChange=410 lastTrade=3 lastMsg=9941ms ago
2025-12-18T12:02:50.912+01:00  INFO 21738 --- [executor-service] [   clob-ws-ping] c.p.h.p.ws.ClobMarketWebSocketClient     : Market WS heartbeat subscribed=1 tobKnown=2 msgs=423 book=10 priceChange=410 lastTrade=3 lastMsg=4924ms ago
2025-12-18T12:03:05.912+01:00  INFO 21738 --- [executor-service] [   clob-ws-ping] c.p.h.p.ws.ClobMarketWebSocketClient     : Market WS heartbeat subscribed=1 tobKnown=2 msgs=423 book=10 priceChange=410 lastTrade=3 lastMsg=9897ms ago
2025-12-18T12:03:20.912+01:00  INFO 21738 --- [executor-service] [   clob-ws-ping] c.p.h.p.ws.ClobMarketWebSocketClient     : Market WS heartbeat subscribed=1 tobKnown=2 msgs=426 book=11 priceChange=411 lastTrade=4 lastMsg=4945ms ago
2025-12-18T12:03:35.912+01:00  INFO 21738 --- [executor-service] [   clob-ws-ping] c.p.h.p.ws.ClobMarketWebSocketClient     : Market WS heartbeat subscribed=1 tobKnown=2 msgs=426 book=11 priceChange=411 lastTrade=4 lastMsg=9945ms ago
2025-12-18T12:03:50.912+01:00  INFO 21738 --- [executor-service] [   clob-ws-ping] c.p.h.p.ws.ClobMarketWebSocketClient     : Market WS heartbeat subscribed=1 tobKnown=2 msgs=426 book=11 priceChange=411 lastTrade=4 lastMsg=4945ms ago
2025-12-18T12:04:05.912+01:00  INFO 21738 --- [executor-service] [   clob-ws-ping] c.p.h.p.ws.ClobMarketWebSocketClient     : Market WS heartbeat subscribed=1 tobKnown=2 msgs=426 book=11 priceChange=411 lastTrade=4 lastMsg=9942ms ago
2025-12-18T12:04:20.912+01:00  INFO 21738 --- [executor-service] [   clob-ws-ping] c.p.h.p.ws.ClobMarketWebSocketClient     : Market WS heartbeat subscribed=1 tobKnown=2 msgs=426 book=11 priceChange=411 lastTrade=4 lastMsg=4939ms ago
2025-12-18T12:04:35.914+01:00  INFO 21738 --- [executor-service] [   clob-ws-ping] c.p.h.p.ws.ClobMarketWebSocketClient     : Market WS heartbeat subscribed=1 tobKnown=2 msgs=426 book=11 priceChange=411 lastTrade=4 lastMsg=9919ms ago
2025-12-18T12:04:50.912+01:00  INFO 21738 --- [executor-service] [   clob-ws-ping] c.p.h.p.ws.ClobMarketWebSocketClient     : Market WS heartbeat subscribed=1 tobKnown=2 msgs=427 book=11 priceChange=412 lastTrade=4 lastMsg=281ms ago
2025-12-18T12:05:05.913+01:00  INFO 21738 --- [executor-service] [   clob-ws-ping] c.p.h.p.ws.ClobMarketWebSocketClient     : Market WS heartbeat subscribed=1 tobKnown=2 msgs=427 book=11 priceChange=412 lastTrade=4 lastMsg=9950ms ago
2025-12-18T12:05:20.909+01:00  INFO 21738 --- [executor-service] [   clob-ws-ping] c.p.h.p.ws.ClobMarketWebSocketClient     : Market WS heartbeat subscribed=1 tobKnown=2 msgs=427 book=11 priceChange=412 lastTrade=4 lastMsg=4943ms ago
2025-12-18T12:05:35.913+01:00  INFO 21738 --- [executor-service] [   clob-ws-ping] c.p.h.p.ws.ClobMarketWebSocketClient     : Market WS heartbeat subscribed=1 tobKnown=2 msgs=427 book=11 priceChange=412 lastTrade=4 lastMsg=9943ms ago
2025-12-18T12:05:50.913+01:00  INFO 21738 --- [executor-service] [   clob-ws-ping] c.p.h.p.ws.ClobMarketWebSocketClient     : Market WS heartbeat subscribed=1 tobKnown=2 msgs=427 book=11 priceChange=412 lastTrade=4 lastMsg=4946ms ago
2025-12-18T12:06:05.910+01:00  INFO 21738 --- [executor-service] [   clob-ws-ping] c.p.h.p.ws.ClobMarketWebSocketClient     : Market WS heartbeat subscribed=1 tobKnown=2 msgs=427 book=11 priceChange=412 lastTrade=4 lastMsg=9945ms ago
2025-12-18T12:06:20.913+01:00  INFO 21738 --- [executor-service] [   clob-ws-ping] c.p.h.p.ws.ClobMarketWebSocketClient     : Market WS heartbeat subscribed=1 tobKnown=2 msgs=427 book=11 priceChange=412 lastTrade=4 lastMsg=4951ms ago
2025-12-18T12:06:35.913+01:00  INFO 21738 --- [executor-service] [   clob-ws-ping] c.p.h.p.ws.ClobMarketWebSocketClient     : Market WS heartbeat subscribed=1 tobKnown=2 msgs=427 book=11 priceChange=412 lastTrade=4 lastMsg=9948ms ago
2025-12-18T12:06:50.913+01:00  INFO 21738 --- [executor-service] [   clob-ws-ping] c.p.h.p.ws.ClobMarketWebSocketClient     : Market WS heartbeat subscribed=1 tobKnown=2 msgs=456 book=11 priceChange=441 lastTrade=4 lastMsg=1511ms ago
2025-12-18T12:07:05.914+01:00  INFO 21738 --- [executor-service] [   clob-ws-ping] c.p.h.p.ws.ClobMarketWebSocketClient     : Market WS heartbeat subscribed=1 tobKnown=2 msgs=456 book=11 priceChange=441 lastTrade=4 lastMsg=9951ms ago
2025-12-18T12:07:20.912+01:00  INFO 21738 --- [executor-service] [   clob-ws-ping] c.p.h.p.ws.ClobMarketWebSocketClient     : Market WS heartbeat subscribed=1 tobKnown=2 msgs=456 book=11 priceChange=441 lastTrade=4 lastMsg=4946ms ago
2025-12-18T12:07:35.911+01:00  INFO 21738 --- [executor-service] [   clob-ws-ping] c.p.h.p.ws.ClobMarketWebSocketClient     : Market WS heartbeat subscribed=1 tobKnown=2 msgs=456 book=11 priceChange=441 lastTrade=4 lastMsg=9946ms ago
2025-12-18T12:07:50.909+01:00  INFO 21738 --- [executor-service] [   clob-ws-ping] c.p.h.p.ws.ClobMarketWebSocketClient     : Market WS heartbeat subscribed=1 tobKnown=2 msgs=456 book=11 priceChange=441 lastTrade=4 lastMsg=4945ms ago
2025-12-18T12:08:05.910+01:00  INFO 21738 --- [executor-service] [   clob-ws-ping] c.p.h.p.ws.ClobMarketWebSocketClient     : Market WS heartbeat subscribed=1 tobKnown=2 msgs=456 book=11 priceChange=441 lastTrade=4 lastMsg=9941ms ago
2025-12-18T12:08:20.913+01:00  INFO 21738 --- [executor-service] [   clob-ws-ping] c.p.h.p.ws.ClobMarketWebSocketClient     : Market WS heartbeat subscribed=1 tobKnown=2 msgs=456 book=11 priceChange=441 lastTrade=4 lastMsg=4953ms ago
2025-12-18T12:08:35.912+01:00  INFO 21738 --- [executor-service] [   clob-ws-ping] c.p.h.p.ws.ClobMarketWebSocketClient     : Market WS heartbeat subscribed=1 tobKnown=2 msgs=456 book=11 priceChange=441 lastTrade=4 lastMsg=9930ms ago
2025-12-18T12:08:50.911+01:00  INFO 21738 --- [executor-service] [   clob-ws-ping] c.p.h.p.ws.ClobMarketWebSocketClient     : Market WS heartbeat subscribed=1 tobKnown=2 msgs=457 book=11 priceChange=442 lastTrade=4 lastMsg=1404ms ago
2025-12-18T12:09:05.909+01:00  INFO 21738 --- [executor-service] [   clob-ws-ping] c.p.h.p.ws.ClobMarketWebSocketClient     : Market WS heartbeat subscribed=1 tobKnown=2 msgs=457 book=11 priceChange=442 lastTrade=4 lastMsg=9944ms ago
2025-12-18T12:09:20.912+01:00  INFO 21738 --- [executor-service] [   clob-ws-ping] c.p.h.p.ws.ClobMarketWebSocketClient     : Market WS heartbeat subscribed=1 tobKnown=2 msgs=457 book=11 priceChange=442 lastTrade=4 lastMsg=4939ms ago
2025-12-18T12:09:35.941+01:00  INFO 21738 --- [executor-service] [   clob-ws-ping] c.p.h.p.ws.ClobMarketWebSocketClient     : Market WS heartbeat subscribed=1 tobKnown=2 msgs=457 book=11 priceChange=442 lastTrade=4 lastMsg=9978ms ago
2025-12-18T12:09:50.918+01:00  INFO 21738 --- [executor-service] [   clob-ws-ping] c.p.h.p.ws.ClobMarketWebSocketClient     : Market WS heartbeat subscribed=1 tobKnown=2 msgs=459 book=11 priceChange=444 lastTrade=4 lastMsg=4944ms ago
2025-12-18T12:10:05.915+01:00  INFO 21738 --- [executor-service] [   clob-ws-ping] c.p.h.p.ws.ClobMarketWebSocketClient     : Market WS heartbeat subscribed=1 tobKnown=2 msgs=465 book=11 priceChange=450 lastTrade=4 lastMsg=2874ms ago
2025-12-18T12:10:20.909+01:00  INFO 21738 --- [executor-service] [   clob-ws-ping] c.p.h.p.ws.ClobMarketWebSocketClient     : Market WS heartbeat subscribed=1 tobKnown=2 msgs=465 book=11 priceChange=450 lastTrade=4 lastMsg=4945ms ago
2025-12-18T12:10:35.913+01:00  INFO 21738 --- [executor-service] [   clob-ws-ping] c.p.h.p.ws.ClobMarketWebSocketClient     : Market WS heartbeat subscribed=1 tobKnown=2 msgs=467 book=11 priceChange=452 lastTrade=4 lastMsg=8527ms ago
2025-12-18T12:10:50.907+01:00  INFO 21738 --- [executor-service] [   clob-ws-ping] c.p.h.p.ws.ClobMarketWebSocketClient     : Market WS heartbeat subscribed=1 tobKnown=2 msgs=467 book=11 priceChange=452 lastTrade=4 lastMsg=4947ms ago
2025-12-18T12:11:05.901+01:00  INFO 21738 --- [executor-service] [   clob-ws-ping] c.p.h.p.ws.ClobMarketWebSocketClient     : Market WS heartbeat subscribed=1 tobKnown=2 msgs=467 book=11 priceChange=452 lastTrade=4 lastMsg=9941ms ago
2025-12-18T12:11:20.896+01:00  INFO 21738 --- [executor-service] [   clob-ws-ping] c.p.h.p.ws.ClobMarketWebSocketClient     : Market WS heartbeat subscribed=1 tobKnown=2 msgs=469 book=11 priceChange=454 lastTrade=4 lastMsg=4939ms ago
2025-12-18T12:11:35.901+01:00  INFO 21738 --- [executor-service] [   clob-ws-ping] c.p.h.p.ws.ClobMarketWebSocketClient     : Market WS heartbeat subscribed=1 tobKnown=2 msgs=470 book=11 priceChange=455 lastTrade=4 lastMsg=7096ms ago
2025-12-18T12:11:50.900+01:00  INFO 21738 --- [executor-service] [   clob-ws-ping] c.p.h.p.ws.ClobMarketWebSocketClient     : Market WS heartbeat subscribed=1 tobKnown=2 msgs=471 book=11 priceChange=456 lastTrade=4 lastMsg=4948ms ago
2025-12-18T12:12:05.904+01:00  INFO 21738 --- [executor-service] [   clob-ws-ping] c.p.h.p.ws.ClobMarketWebSocketClient     : Market WS heartbeat subscribed=1 tobKnown=2 msgs=471 book=11 priceChange=456 lastTrade=4 lastMsg=9950ms ago
2025-12-18T12:12:20.900+01:00  INFO 21738 --- [executor-service] [   clob-ws-ping] c.p.h.p.ws.ClobMarketWebSocketClient     : Market WS heartbeat subscribed=1 tobKnown=2 msgs=471 book=11 priceChange=456 lastTrade=4 lastMsg=4950ms ago
2025-12-18T12:12:35.899+01:00  INFO 21738 --- [executor-service] [   clob-ws-ping] c.p.h.p.ws.ClobMarketWebSocketClient     : Market WS heartbeat subscribed=1 tobKnown=2 msgs=472 book=11 priceChange=457 lastTrade=4 lastMsg=9151ms ago
2025-12-18T12:12:50.898+01:00  INFO 21738 --- [executor-service] [   clob-ws-ping] c.p.h.p.ws.ClobMarketWebSocketClient     : Market WS heartbeat subscribed=1 tobKnown=2 msgs=474 book=11 priceChange=459 lastTrade=4 lastMsg=4949ms ago
2025-12-18T12:13:05.897+01:00  INFO 21738 --- [executor-service] [   clob-ws-ping] c.p.h.p.ws.ClobMarketWebSocketClient     : Market WS heartbeat subscribed=1 tobKnown=2 msgs=474 book=11 priceChange=459 lastTrade=4 lastMsg=9948ms ago
2025-12-18T12:13:20.898+01:00  INFO 21738 --- [executor-service] [   clob-ws-ping] c.p.h.p.ws.ClobMarketWebSocketClient     : Market WS heartbeat subscribed=1 tobKnown=2 msgs=475 book=11 priceChange=460 lastTrade=4 lastMsg=1084ms ago
2025-12-18T12:13:35.900+01:00  INFO 21738 --- [executor-service] [   clob-ws-ping] c.p.h.p.ws.ClobMarketWebSocketClient     : Market WS heartbeat subscribed=1 tobKnown=2 msgs=475 book=11 priceChange=460 lastTrade=4 lastMsg=9951ms ago
2025-12-18T12:13:50.897+01:00  INFO 21738 --- [executor-service] [   clob-ws-ping] c.p.h.p.ws.ClobMarketWebSocketClient     : Market WS heartbeat subscribed=1 tobKnown=2 msgs=475 book=11 priceChange=460 lastTrade=4 lastMsg=4939ms ago
2025-12-18T12:14:05.900+01:00  INFO 21738 --- [executor-service] [   clob-ws-ping] c.p.h.p.ws.ClobMarketWebSocketClient     : Market WS heartbeat subscribed=1 tobKnown=2 msgs=481 book=11 priceChange=466 lastTrade=4 lastMsg=3547ms ago
2025-12-18T12:14:20.898+01:00  INFO 21738 --- [executor-service] [   clob-ws-ping] c.p.h.p.ws.ClobMarketWebSocketClient     : Market WS heartbeat subscribed=1 tobKnown=2 msgs=481 book=11 priceChange=466 lastTrade=4 lastMsg=4944ms ago
2025-12-18T12:14:35.897+01:00  INFO 21738 --- [executor-service] [   clob-ws-ping] c.p.h.p.ws.ClobMarketWebSocketClient     : Market WS heartbeat subscribed=1 tobKnown=2 msgs=481 book=11 priceChange=466 lastTrade=4 lastMsg=9949ms ago
2025-12-18T12:14:50.898+01:00  INFO 21738 --- [executor-service] [   clob-ws-ping] c.p.h.p.ws.ClobMarketWebSocketClient     : Market WS heartbeat subscribed=1 tobKnown=2 msgs=481 book=11 priceChange=466 lastTrade=4 lastMsg=4947ms ago
2025-12-18T12:15:05.897+01:00  INFO 21738 --- [executor-service] [   clob-ws-ping] c.p.h.p.ws.ClobMarketWebSocketClient     : Market WS heartbeat subscribed=1 tobKnown=2 msgs=481 book=11 priceChange=466 lastTrade=4 lastMsg=9941ms ago
2025-12-18T12:15:20.898+01:00  INFO 21738 --- [executor-service] [   clob-ws-ping] c.p.h.p.ws.ClobMarketWebSocketClient     : Market WS heartbeat subscribed=1 tobKnown=2 msgs=481 book=11 priceChange=466 lastTrade=4 lastMsg=4935ms ago
2025-12-18T12:15:35.900+01:00  INFO 21738 --- [executor-service] [   clob-ws-ping] c.p.h.p.ws.ClobMarketWebSocketClient     : Market WS heartbeat subscribed=1 tobKnown=2 msgs=487 book=11 priceChange=472 lastTrade=4 lastMsg=4347ms ago
2025-12-18T12:15:50.898+01:00  INFO 21738 --- [executor-service] [   clob-ws-ping] c.p.h.p.ws.ClobMarketWebSocketClient     : Market WS heartbeat subscribed=1 tobKnown=2 msgs=487 book=11 priceChange=472 lastTrade=4 lastMsg=4947ms ago
2025-12-18T12:16:05.896+01:00  INFO 21738 --- [executor-service] [   clob-ws-ping] c.p.h.p.ws.ClobMarketWebSocketClient     : Market WS heartbeat subscribed=1 tobKnown=2 msgs=487 book=11 priceChange=472 lastTrade=4 lastMsg=9927ms ago
2025-12-18T12:16:20.894+01:00  INFO 21738 --- [executor-service] [   clob-ws-ping] c.p.h.p.ws.ClobMarketWebSocketClient     : Market WS heartbeat subscribed=1 tobKnown=2 msgs=487 book=11 priceChange=472 lastTrade=4 lastMsg=4943ms ago
2025-12-18T12:16:35.897+01:00  INFO 21738 --- [executor-service] [   clob-ws-ping] c.p.h.p.ws.ClobMarketWebSocketClient     : Market WS heartbeat subscribed=1 tobKnown=2 msgs=488 book=11 priceChange=473 lastTrade=4 lastMsg=9941ms ago
2025-12-18T12:16:50.898+01:00  INFO 21738 --- [executor-service] [   clob-ws-ping] c.p.h.p.ws.ClobMarketWebSocketClient     : Market WS heartbeat subscribed=1 tobKnown=2 msgs=488 book=11 priceChange=473 lastTrade=4 lastMsg=4927ms ago
2025-12-18T12:17:05.899+01:00  INFO 21738 --- [executor-service] [   clob-ws-ping] c.p.h.p.ws.ClobMarketWebSocketClient     : Market WS heartbeat subscribed=1 tobKnown=2 msgs=488 book=11 priceChange=473 lastTrade=4 lastMsg=9946ms ago
2025-12-18T12:17:20.896+01:00  INFO 21738 --- [executor-service] [   clob-ws-ping] c.p.h.p.ws.ClobMarketWebSocketClient     : Market WS heartbeat subscribed=1 tobKnown=2 msgs=488 book=11 priceChange=473 lastTrade=4 lastMsg=4946ms ago
2025-12-18T12:17:35.897+01:00  INFO 21738 --- [executor-service] [   clob-ws-ping] c.p.h.p.ws.ClobMarketWebSocketClient     : Market WS heartbeat subscribed=1 tobKnown=2 msgs=488 book=11 priceChange=473 lastTrade=4 lastMsg=9948ms ago
2025-12-18T12:17:50.894+01:00  INFO 21738 --- [executor-service] [   clob-ws-ping] c.p.h.p.ws.ClobMarketWebSocketClient     : Market WS heartbeat subscribed=1 tobKnown=2 msgs=496 book=12 priceChange=480 lastTrade=4 lastMsg=3675ms ago
2025-12-18T12:18:05.899+01:00  INFO 21738 --- [executor-service] [   clob-ws-ping] c.p.h.p.ws.ClobMarketWebSocketClient     : Market WS heartbeat subscribed=1 tobKnown=2 msgs=496 book=12 priceChange=480 lastTrade=4 lastMsg=9943ms ago
2025-12-18T12:18:20.899+01:00  INFO 21738 --- [executor-service] [   clob-ws-ping] c.p.h.p.ws.ClobMarketWebSocketClient     : Market WS heartbeat subscribed=1 tobKnown=2 msgs=500 book=12 priceChange=484 lastTrade=4 lastMsg=1509ms ago
2025-12-18T12:18:35.897+01:00  INFO 21738 --- [executor-service] [   clob-ws-ping] c.p.h.p.ws.ClobMarketWebSocketClient     : Market WS heartbeat subscribed=1 tobKnown=2 msgs=500 book=12 priceChange=484 lastTrade=4 lastMsg=9943ms ago
2025-12-18T12:18:50.899+01:00  INFO 21738 --- [executor-service] [   clob-ws-ping] c.p.h.p.ws.ClobMarketWebSocketClient     : Market WS heartbeat subscribed=1 tobKnown=2 msgs=500 book=12 priceChange=484 lastTrade=4 lastMsg=4949ms ago
2025-12-18T12:19:05.902+01:00  INFO 21738 --- [executor-service] [   clob-ws-ping] c.p.h.p.ws.ClobMarketWebSocketClient     : Market WS heartbeat subscribed=1 tobKnown=2 msgs=500 book=12 priceChange=484 lastTrade=4 lastMsg=9952ms ago
2025-12-18T12:19:20.898+01:00  INFO 21738 --- [executor-service] [   clob-ws-ping] c.p.h.p.ws.ClobMarketWebSocketClient     : Market WS heartbeat subscribed=1 tobKnown=2 msgs=501 book=12 priceChange=485 lastTrade=4 lastMsg=1749ms ago
2025-12-18T12:19:35.895+01:00  INFO 21738 --- [executor-service] [   clob-ws-ping] c.p.h.p.ws.ClobMarketWebSocketClient     : Market WS heartbeat subscribed=1 tobKnown=2 msgs=501 book=12 priceChange=485 lastTrade=4 lastMsg=9944ms ago
2025-12-18T12:19:50.896+01:00  INFO 21738 --- [executor-service] [   clob-ws-ping] c.p.h.p.ws.ClobMarketWebSocketClient     : Market WS heartbeat subscribed=1 tobKnown=2 msgs=501 book=12 priceChange=485 lastTrade=4 lastMsg=4942ms ago
2025-12-18T12:20:05.901+01:00  INFO 21738 --- [executor-service] [   clob-ws-ping] c.p.h.p.ws.ClobMarketWebSocketClient     : Market WS heartbeat subscribed=1 tobKnown=2 msgs=501 book=12 priceChange=485 lastTrade=4 lastMsg=9931ms ago
2025-12-18T12:20:20.897+01:00  INFO 21738 --- [executor-service] [   clob-ws-ping] c.p.h.p.ws.ClobMarketWebSocketClient     : Market WS heartbeat subscribed=1 tobKnown=2 msgs=501 book=12 priceChange=485 lastTrade=4 lastMsg=4930ms ago
2025-12-18T12:20:35.896+01:00  INFO 21738 --- [executor-service] [   clob-ws-ping] c.p.h.p.ws.ClobMarketWebSocketClient     : Market WS heartbeat subscribed=1 tobKnown=2 msgs=501 book=12 priceChange=485 lastTrade=4 lastMsg=9941ms ago
2025-12-18T12:20:50.897+01:00  INFO 21738 --- [executor-service] [   clob-ws-ping] c.p.h.p.ws.ClobMarketWebSocketClient     : Market WS heartbeat subscribed=1 tobKnown=2 msgs=501 book=12 priceChange=485 lastTrade=4 lastMsg=4930ms ago
2025-12-18T12:21:05.896+01:00  INFO 21738 --- [executor-service] [   clob-ws-ping] c.p.h.p.ws.ClobMarketWebSocketClient     : Market WS heartbeat subscribed=1 tobKnown=2 msgs=501 book=12 priceChange=485 lastTrade=4 lastMsg=9931ms ago
2025-12-18T12:21:20.898+01:00  INFO 21738 --- [executor-service] [   clob-ws-ping] c.p.h.p.ws.ClobMarketWebSocketClient     : Market WS heartbeat subscribed=1 tobKnown=2 msgs=501 book=12 priceChange=485 lastTrade=4 lastMsg=4950ms ago
2025-12-18T12:21:35.898+01:00  INFO 21738 --- [executor-service] [   clob-ws-ping] c.p.h.p.ws.ClobMarketWebSocketClient     : Market WS heartbeat subscribed=1 tobKnown=2 msgs=504 book=13 priceChange=486 lastTrade=5 lastMsg=7493ms ago
2025-12-18T12:21:50.896+01:00  INFO 21738 --- [executor-service] [   clob-ws-ping] c.p.h.p.ws.ClobMarketWebSocketClient     : Market WS heartbeat subscribed=1 tobKnown=2 msgs=504 book=13 priceChange=486 lastTrade=5 lastMsg=4936ms ago
2025-12-18T12:22:05.894+01:00  INFO 21738 --- [executor-service] [   clob-ws-ping] c.p.h.p.ws.ClobMarketWebSocketClient     : Market WS heartbeat subscribed=1 tobKnown=2 msgs=504 book=13 priceChange=486 lastTrade=5 lastMsg=9946ms ago
2025-12-18T12:22:20.898+01:00  INFO 21738 --- [executor-service] [   clob-ws-ping] c.p.h.p.ws.ClobMarketWebSocketClient     : Market WS heartbeat subscribed=1 tobKnown=2 msgs=504 book=13 priceChange=486 lastTrade=5 lastMsg=4950ms ago
2025-12-18T12:22:35.898+01:00  INFO 21738 --- [executor-service] [   clob-ws-ping] c.p.h.p.ws.ClobMarketWebSocketClient     : Market WS heartbeat subscribed=1 tobKnown=2 msgs=504 book=13 priceChange=486 lastTrade=5 lastMsg=9944ms ago
2025-12-18T12:22:50.897+01:00  INFO 21738 --- [executor-service] [   clob-ws-ping] c.p.h.p.ws.ClobMarketWebSocketClient     : Market WS heartbeat subscribed=1 tobKnown=2 msgs=504 book=13 priceChange=486 lastTrade=5 lastMsg=4941ms ago
2025-12-18T12:23:05.899+01:00  INFO 21738 --- [executor-service] [   clob-ws-ping] c.p.h.p.ws.ClobMarketWebSocketClient     : Market WS heartbeat subscribed=1 tobKnown=2 msgs=505 book=13 priceChange=487 lastTrade=5 lastMsg=9932ms ago
2025-12-18T12:23:20.898+01:00  INFO 21738 --- [executor-service] [   clob-ws-ping] c.p.h.p.ws.ClobMarketWebSocketClient     : Market WS heartbeat subscribed=1 tobKnown=2 msgs=507 book=13 priceChange=489 lastTrade=5 lastMsg=4948ms ago
2025-12-18T12:23:35.899+01:00  INFO 21738 --- [executor-service] [   clob-ws-ping] c.p.h.p.ws.ClobMarketWebSocketClient     : Market WS heartbeat subscribed=1 tobKnown=2 msgs=507 book=13 priceChange=489 lastTrade=5 lastMsg=9946ms ago
2025-12-18T12:23:50.331+01:00  WARN 21738 --- [executor-service] [ient-1-Worker-0] c.p.h.p.ws.ClobMarketWebSocketClient     : CLOB market websocket closed (status=1006, reason=)
2025-12-18T12:23:50.897+01:00  WARN 21738 --- [executor-service] [   clob-ws-ping] c.p.h.p.ws.ClobMarketWebSocketClient     : Market WS reconnecting (reason=disconnected, subscribed=1, tobKnown=2, lastMsgAgoMs=4935)
2025-12-18T12:23:50.902+01:00  INFO 21738 --- [executor-service] [   clob-ws-ping] c.p.h.p.ws.ClobMarketWebSocketClient     : Connecting to CLOB market websocket: wss://ws-subscriptions-clob.polymarket.com/ws/market
2025-12-18T12:23:51.747+01:00  INFO 21738 --- [executor-service] [onPool-worker-2] c.p.h.p.ws.ClobMarketWebSocketClient     : CLOB market websocket opened
2025-12-18T12:23:51.760+01:00  INFO 21738 --- [executor-service] [onPool-worker-2] c.p.h.p.ws.ClobMarketWebSocketClient     : Subscribed to 1 market assets via WS (e.g. [...701992])
2025-12-18T12:24:05.896+01:00  INFO 21738 --- [executor-service] [   clob-ws-ping] c.p.h.p.ws.ClobMarketWebSocketClient     : Market WS heartbeat subscribed=1 tobKnown=2 msgs=509 book=14 priceChange=490 lastTrade=5 lastMsg=862ms ago
2025-12-18T12:24:20.898+01:00  INFO 21738 --- [executor-service] [   clob-ws-ping] c.p.h.p.ws.ClobMarketWebSocketClient     : Market WS heartbeat subscribed=1 tobKnown=2 msgs=509 book=14 priceChange=490 lastTrade=5 lastMsg=4936ms ago
2025-12-18T12:24:35.899+01:00  INFO 21738 --- [executor-service] [   clob-ws-ping] c.p.h.p.ws.ClobMarketWebSocketClient     : Market WS heartbeat subscribed=1 tobKnown=2 msgs=509 book=14 priceChange=490 lastTrade=5 lastMsg=9954ms ago
2025-12-18T12:24:50.897+01:00  INFO 21738 --- [executor-service] [   clob-ws-ping] c.p.h.p.ws.ClobMarketWebSocketClient     : Market WS heartbeat subscribed=1 tobKnown=2 msgs=510 book=14 priceChange=491 lastTrade=5 lastMsg=4952ms ago
2025-12-18T12:25:05.903+01:00  INFO 21738 --- [executor-service] [   clob-ws-ping] c.p.h.p.ws.ClobMarketWebSocketClient     : Market WS heartbeat subscribed=1 tobKnown=2 msgs=510 book=14 priceChange=491 lastTrade=5 lastMsg=9956ms ago
2025-12-18T12:25:07.853+01:00  WARN 21738 --- [executor-service] [vice-producer-1] org.apache.kafka.clients.NetworkClient   : [Producer clientId=executor-service-producer-1] Connection to node 0 (localhost/127.0.0.1:9092) could not be established. Node may not be available.
2025-12-18T12:25:08.857+01:00  WARN 21738 --- [executor-service] [vice-producer-1] org.apache.kafka.clients.NetworkClient   : [Producer clientId=executor-service-producer-1] Connection to node 0 (localhost/127.0.0.1:9092) could not be established. Node may not be available.
2025-12-18T12:25:12.706+01:00  WARN 21738 --- [executor-service] [vice-producer-1] org.apache.kafka.clients.NetworkClient   : [Producer clientId=executor-service-producer-1] Connection to node 0 (localhost/127.0.0.1:9092) could not be established. Node may not be available.
2025-12-18T12:25:13.710+01:00  WARN 21738 --- [executor-service] [vice-producer-1] org.apache.kafka.clients.NetworkClient   : [Producer clientId=executor-service-producer-1] Connection to node 0 (localhost/127.0.0.1:9092) could not be established. Node may not be available.
2025-12-18T12:25:14.713+01:00  WARN 21738 --- [executor-service] [vice-producer-1] org.apache.kafka.clients.NetworkClient   : [Producer clientId=executor-service-producer-1] Connection to node 0 (localhost/127.0.0.1:9092) could not be established. Node may not be available.
2025-12-18T12:25:15.716+01:00  WARN 21738 --- [executor-service] [vice-producer-1] org.apache.kafka.clients.NetworkClient   : [Producer clientId=executor-service-producer-1] Connection to node 0 (localhost/127.0.0.1:9092) could not be established. Node may not be available.
2025-12-18T12:25:16.751+01:00  WARN 21738 --- [executor-service] [vice-producer-1] org.apache.kafka.clients.NetworkClient   : [Producer clientId=executor-service-producer-1] Connection to node 0 (localhost/127.0.0.1:9092) could not be established. Node may not be available.
2025-12-18T12:25:17.707+01:00  WARN 21738 --- [executor-service] [vice-producer-1] org.apache.kafka.clients.NetworkClient   : [Producer clientId=executor-service-producer-1] Connection to node 0 (localhost/127.0.0.1:9092) could not be established. Node may not be available.
2025-12-18T12:25:18.901+01:00  WARN 21738 --- [executor-service] [ient-1-Worker-0] c.p.h.p.ws.ClobMarketWebSocketClient     : CLOB market websocket closed (status=1000, reason=)
